Analysis & Synthesis report for Lab4_part2
Wed Mar 27 23:03:13 2024
Quartus Prime Version 20.1.1 Build 720 11/11/2020 SJ Lite Edition


---------------------
; Table of Contents ;
---------------------
  1. Legal Notice
  2. Analysis & Synthesis Summary
  3. Analysis & Synthesis Settings
  4. Parallel Compilation
  5. Analysis & Synthesis Source Files Read
  6. Analysis & Synthesis Resource Usage Summary
  7. Analysis & Synthesis Resource Utilization by Entity
  8. Registers Removed During Synthesis
  9. General Register Statistics
 10. Inverted Register Statistics
 11. Multiplexer Restructuring Statistics (Restructuring Performed)
 12. Parameter Settings for User Entity Instance: NBitRegister:Multiplicand
 13. Parameter Settings for User Entity Instance: NBitRegister:Multiplier
 14. Parameter Settings for User Entity Instance: Multiplier:Mult|MultControl:Ctrl
 15. Parameter Settings for User Entity Instance: NBitRegister:regR
 16. Parameter Settings for User Entity Instance: clk_ladder:clock
 17. Port Connectivity Checks: "Controller:Mux|binary2seven:Hex"
 18. Port Connectivity Checks: "Controller:Mux"
 19. Port Connectivity Checks: "clk_ladder:clock"
 20. Port Connectivity Checks: "binary2seven:hex2"
 21. Port Connectivity Checks: "binary2seven:hex3"
 22. Port Connectivity Checks: "binary2seven:hex4"
 23. Port Connectivity Checks: "binary2seven:hex5"
 24. Post-Synthesis Netlist Statistics for Top Partition
 25. Elapsed Time Per Partition
 26. Analysis & Synthesis Messages
 27. Analysis & Synthesis Suppressed Messages



----------------
; Legal Notice ;
----------------
Copyright (C) 2020  Intel Corporation. All rights reserved.
Your use of Intel Corporation's design tools, logic functions 
and other software and tools, and any partner logic 
functions, and any output files from any of the foregoing 
(including device programming or simulation files), and any 
associated documentation or information are expressly subject 
to the terms and conditions of the Intel Program License 
Subscription Agreement, the Intel Quartus Prime License Agreement,
the Intel FPGA IP License Agreement, or other applicable license
agreement, including, without limitation, that your use is for
the sole purpose of programming logic devices manufactured by
Intel and sold by Intel or its authorized distributors.  Please
refer to the applicable agreement for further details, at
https://fpgasoftware.intel.com/eula.



+----------------------------------------------------------------------------------+
; Analysis & Synthesis Summary                                                     ;
+------------------------------------+---------------------------------------------+
; Analysis & Synthesis Status        ; Successful - Wed Mar 27 23:03:13 2024       ;
; Quartus Prime Version              ; 20.1.1 Build 720 11/11/2020 SJ Lite Edition ;
; Revision Name                      ; Lab4_part2                                  ;
; Top-level Entity Name              ; Lab4_part2                                  ;
; Family                             ; MAX 10                                      ;
; Total logic elements               ; 216                                         ;
;     Total combinational functions  ; 176                                         ;
;     Dedicated logic registers      ; 93                                          ;
; Total registers                    ; 93                                          ;
; Total pins                         ; 68                                          ;
; Total virtual pins                 ; 0                                           ;
; Total memory bits                  ; 0                                           ;
; Embedded Multiplier 9-bit elements ; 0                                           ;
; Total PLLs                         ; 0                                           ;
; UFM blocks                         ; 0                                           ;
; ADC blocks                         ; 0                                           ;
+------------------------------------+---------------------------------------------+


+------------------------------------------------------------------------------------------------------------+
; Analysis & Synthesis Settings                                                                              ;
+------------------------------------------------------------------+--------------------+--------------------+
; Option                                                           ; Setting            ; Default Value      ;
+------------------------------------------------------------------+--------------------+--------------------+
; Device                                                           ; 10M50DAF484C7G     ;                    ;
; Top-level entity name                                            ; Lab4_part2         ; Lab4_part2         ;
; Family name                                                      ; MAX 10             ; Cyclone V          ;
; Use smart compilation                                            ; Off                ; Off                ;
; Enable parallel Assembler and Timing Analyzer during compilation ; On                 ; On                 ;
; Enable compact report table                                      ; Off                ; Off                ;
; Restructure Multiplexers                                         ; Auto               ; Auto               ;
; Create Debugging Nodes for IP Cores                              ; Off                ; Off                ;
; Preserve fewer node names                                        ; On                 ; On                 ;
; Intel FPGA IP Evaluation Mode                                    ; Enable             ; Enable             ;
; Verilog Version                                                  ; Verilog_2001       ; Verilog_2001       ;
; VHDL Version                                                     ; VHDL_1993          ; VHDL_1993          ;
; State Machine Processing                                         ; Auto               ; Auto               ;
; Safe State Machine                                               ; Off                ; Off                ;
; Extract Verilog State Machines                                   ; On                 ; On                 ;
; Extract VHDL State Machines                                      ; On                 ; On                 ;
; Ignore Verilog initial constructs                                ; Off                ; Off                ;
; Iteration limit for constant Verilog loops                       ; 5000               ; 5000               ;
; Iteration limit for non-constant Verilog loops                   ; 250                ; 250                ;
; Add Pass-Through Logic to Inferred RAMs                          ; On                 ; On                 ;
; Infer RAMs from Raw Logic                                        ; On                 ; On                 ;
; Parallel Synthesis                                               ; On                 ; On                 ;
; DSP Block Balancing                                              ; Auto               ; Auto               ;
; NOT Gate Push-Back                                               ; On                 ; On                 ;
; Power-Up Don't Care                                              ; On                 ; On                 ;
; Remove Redundant Logic Cells                                     ; Off                ; Off                ;
; Remove Duplicate Registers                                       ; On                 ; On                 ;
; Ignore CARRY Buffers                                             ; Off                ; Off                ;
; Ignore CASCADE Buffers                                           ; Off                ; Off                ;
; Ignore GLOBAL Buffers                                            ; Off                ; Off                ;
; Ignore ROW GLOBAL Buffers                                        ; Off                ; Off                ;
; Ignore LCELL Buffers                                             ; Off                ; Off                ;
; Ignore SOFT Buffers                                              ; On                 ; On                 ;
; Limit AHDL Integers to 32 Bits                                   ; Off                ; Off                ;
; Optimization Technique                                           ; Balanced           ; Balanced           ;
; Carry Chain Length                                               ; 70                 ; 70                 ;
; Auto Carry Chains                                                ; On                 ; On                 ;
; Auto Open-Drain Pins                                             ; On                 ; On                 ;
; Perform WYSIWYG Primitive Resynthesis                            ; Off                ; Off                ;
; Auto ROM Replacement                                             ; On                 ; On                 ;
; Auto RAM Replacement                                             ; On                 ; On                 ;
; Auto DSP Block Replacement                                       ; On                 ; On                 ;
; Auto Shift Register Replacement                                  ; Auto               ; Auto               ;
; Allow Shift Register Merging across Hierarchies                  ; Auto               ; Auto               ;
; Auto Clock Enable Replacement                                    ; On                 ; On                 ;
; Strict RAM Replacement                                           ; Off                ; Off                ;
; Allow Synchronous Control Signals                                ; On                 ; On                 ;
; Force Use of Synchronous Clear Signals                           ; Off                ; Off                ;
; Auto RAM Block Balancing                                         ; On                 ; On                 ;
; Auto RAM to Logic Cell Conversion                                ; Off                ; Off                ;
; Auto Resource Sharing                                            ; Off                ; Off                ;
; Allow Any RAM Size For Recognition                               ; Off                ; Off                ;
; Allow Any ROM Size For Recognition                               ; Off                ; Off                ;
; Allow Any Shift Register Size For Recognition                    ; Off                ; Off                ;
; Use LogicLock Constraints during Resource Balancing              ; On                 ; On                 ;
; Ignore translate_off and synthesis_off directives                ; Off                ; Off                ;
; Timing-Driven Synthesis                                          ; On                 ; On                 ;
; Report Parameter Settings                                        ; On                 ; On                 ;
; Report Source Assignments                                        ; On                 ; On                 ;
; Report Connectivity Checks                                       ; On                 ; On                 ;
; Ignore Maximum Fan-Out Assignments                               ; Off                ; Off                ;
; Synchronization Register Chain Length                            ; 2                  ; 2                  ;
; Power Optimization During Synthesis                              ; Normal compilation ; Normal compilation ;
; HDL message level                                                ; Level2             ; Level2             ;
; Suppress Register Optimization Related Messages                  ; Off                ; Off                ;
; Number of Removed Registers Reported in Synthesis Report         ; 5000               ; 5000               ;
; Number of Swept Nodes Reported in Synthesis Report               ; 5000               ; 5000               ;
; Number of Inverted Registers Reported in Synthesis Report        ; 100                ; 100                ;
; Clock MUX Protection                                             ; On                 ; On                 ;
; Auto Gated Clock Conversion                                      ; Off                ; Off                ;
; Block Design Naming                                              ; Auto               ; Auto               ;
; SDC constraint protection                                        ; Off                ; Off                ;
; Synthesis Effort                                                 ; Auto               ; Auto               ;
; Shift Register Replacement - Allow Asynchronous Clear Signal     ; On                 ; On                 ;
; Pre-Mapping Resynthesis Optimization                             ; Off                ; Off                ;
; Analysis & Synthesis Message Level                               ; Medium             ; Medium             ;
; Disable Register Merging Across Hierarchies                      ; Auto               ; Auto               ;
; Resource Aware Inference For Block RAM                           ; On                 ; On                 ;
+------------------------------------------------------------------+--------------------+--------------------+


+------------------------------------------+
; Parallel Compilation                     ;
+----------------------------+-------------+
; Processors                 ; Number      ;
+----------------------------+-------------+
; Number detected on machine ; 16          ;
; Maximum allowed            ; 16          ;
;                            ;             ;
; Average used               ; 1.00        ;
; Maximum used               ; 16          ;
;                            ;             ;
; Usage by Processor         ; % Time Used ;
;     Processor 1            ; 100.0%      ;
;     Processors 2-16        ;   0.0%      ;
+----------------------------+-------------+


+-----------------------------------------------------------------------------------------------------------------------------------------------------------------------------------------+
; Analysis & Synthesis Source Files Read                                                                                                                                                  ;
+----------------------------------+-----------------+------------------------------+-------------------------------------------------------------------------------------------+---------+
; File Name with User-Entered Path ; Used in Netlist ; File Type                    ; File Name with Absolute Path                                                              ; Library ;
+----------------------------------+-----------------+------------------------------+-------------------------------------------------------------------------------------------+---------+
; Multiplier.sv                    ; yes             ; User SystemVerilog HDL File  ; C:/Users/serva/OneDrive/Documents/Classes_Spring_2024/ADL/LAB4/Lab4_part2/Multiplier.sv   ;         ;
; MultControl.sv                   ; yes             ; User SystemVerilog HDL File  ; C:/Users/serva/OneDrive/Documents/Classes_Spring_2024/ADL/LAB4/Lab4_part2/MultControl.sv  ;         ;
; NBitRegister.sv                  ; yes             ; User SystemVerilog HDL File  ; C:/Users/serva/OneDrive/Documents/Classes_Spring_2024/ADL/LAB4/Lab4_part2/NBitRegister.sv ;         ;
; Controller.sv                    ; yes             ; User SystemVerilog HDL File  ; C:/Users/serva/OneDrive/Documents/Classes_Spring_2024/ADL/LAB4/Lab4_part2/Controller.sv   ;         ;
; binary2seven.sv                  ; yes             ; User SystemVerilog HDL File  ; C:/Users/serva/OneDrive/Documents/Classes_Spring_2024/ADL/LAB4/Lab4_part2/binary2seven.sv ;         ;
; four2one.sv                      ; yes             ; User SystemVerilog HDL File  ; C:/Users/serva/OneDrive/Documents/Classes_Spring_2024/ADL/LAB4/Lab4_part2/four2one.sv     ;         ;
; FSM.sv                           ; yes             ; User SystemVerilog HDL File  ; C:/Users/serva/OneDrive/Documents/Classes_Spring_2024/ADL/LAB4/Lab4_part2/FSM.sv          ;         ;
; clk_ladder.sv                    ; yes             ; User SystemVerilog HDL File  ; C:/Users/serva/OneDrive/Documents/Classes_Spring_2024/ADL/LAB4/Lab4_part2/clk_ladder.sv   ;         ;
; Lab4_part2.sv                    ; yes             ; User SystemVerilog HDL File  ; C:/Users/serva/OneDrive/Documents/Classes_Spring_2024/ADL/LAB4/Lab4_part2/Lab4_part2.sv   ;         ;
+----------------------------------+-----------------+------------------------------+-------------------------------------------------------------------------------------------+---------+


+---------------------------------------------------------+
; Analysis & Synthesis Resource Usage Summary             ;
+---------------------------------------------+-----------+
; Resource                                    ; Usage     ;
+---------------------------------------------+-----------+
; Estimated Total logic elements              ; 216       ;
;                                             ;           ;
; Total combinational functions               ; 176       ;
; Logic element usage by number of LUT inputs ;           ;
;     -- 4 input functions                    ; 53        ;
;     -- 3 input functions                    ; 79        ;
;     -- <=2 input functions                  ; 44        ;
;                                             ;           ;
; Logic elements by mode                      ;           ;
;     -- normal mode                          ; 128       ;
;     -- arithmetic mode                      ; 48        ;
;                                             ;           ;
; Total registers                             ; 93        ;
;     -- Dedicated logic registers            ; 93        ;
;     -- I/O registers                        ; 0         ;
;                                             ;           ;
; I/O pins                                    ; 68        ;
;                                             ;           ;
; Embedded Multiplier 9-bit elements          ; 0         ;
;                                             ;           ;
; Maximum fan-out node                        ; CLK~input ;
; Maximum fan-out                             ; 59        ;
; Total fan-out                               ; 933       ;
; Average fan-out                             ; 2.30      ;
+---------------------------------------------+-----------+


+------------------------------------------------------------------------------------------------------------------------------------------------------------------------------------------------------------------------------------------------------------------+
; Analysis & Synthesis Resource Utilization by Entity                                                                                                                                                                                                              ;
+--------------------------------+---------------------+---------------------------+-------------+------------+--------------+---------+-----------+------+--------------+------------+----------------------------------------------+--------------+--------------+
; Compilation Hierarchy Node     ; Combinational ALUTs ; Dedicated Logic Registers ; Memory Bits ; UFM Blocks ; DSP Elements ; DSP 9x9 ; DSP 18x18 ; Pins ; Virtual Pins ; ADC blocks ; Full Hierarchy Name                          ; Entity Name  ; Library Name ;
+--------------------------------+---------------------+---------------------------+-------------+------------+--------------+---------+-----------+------+--------------+------------+----------------------------------------------+--------------+--------------+
; |Lab4_part2                    ; 176 (0)             ; 93 (0)                    ; 0           ; 0          ; 0            ; 0       ; 0         ; 68   ; 0            ; 0          ; |Lab4_part2                                  ; Lab4_part2   ; work         ;
;    |Controller:Mux|            ; 21 (0)              ; 2 (0)                     ; 0           ; 0          ; 0            ; 0       ; 0         ; 0    ; 0            ; 0          ; |Lab4_part2|Controller:Mux                   ; Controller   ; work         ;
;       |FSM:digit|              ; 6 (6)               ; 2 (2)                     ; 0           ; 0          ; 0            ; 0       ; 0         ; 0    ; 0            ; 0          ; |Lab4_part2|Controller:Mux|FSM:digit         ; FSM          ; work         ;
;       |binary2seven:Hex|       ; 7 (7)               ; 0 (0)                     ; 0           ; 0          ; 0            ; 0       ; 0         ; 0    ; 0            ; 0          ; |Lab4_part2|Controller:Mux|binary2seven:Hex  ; binary2seven ; work         ;
;       |four2one:decoder|       ; 8 (8)               ; 0 (0)                     ; 0           ; 0          ; 0            ; 0       ; 0         ; 0    ; 0            ; 0          ; |Lab4_part2|Controller:Mux|four2one:decoder  ; four2one     ; work         ;
;    |Multiplier:Mult|           ; 109 (99)            ; 41 (36)                   ; 0           ; 0          ; 0            ; 0       ; 0         ; 0    ; 0            ; 0          ; |Lab4_part2|Multiplier:Mult                  ; Multiplier   ; work         ;
;       |MultControl:Ctrl|       ; 10 (10)             ; 5 (5)                     ; 0           ; 0          ; 0            ; 0       ; 0         ; 0    ; 0            ; 0          ; |Lab4_part2|Multiplier:Mult|MultControl:Ctrl ; MultControl  ; work         ;
;    |NBitRegister:Multiplicand| ; 0 (0)               ; 8 (8)                     ; 0           ; 0          ; 0            ; 0       ; 0         ; 0    ; 0            ; 0          ; |Lab4_part2|NBitRegister:Multiplicand        ; NBitRegister ; work         ;
;    |NBitRegister:Multiplier|   ; 0 (0)               ; 8 (8)                     ; 0           ; 0          ; 0            ; 0       ; 0         ; 0    ; 0            ; 0          ; |Lab4_part2|NBitRegister:Multiplier          ; NBitRegister ; work         ;
;    |NBitRegister:regR|         ; 0 (0)               ; 16 (16)                   ; 0           ; 0          ; 0            ; 0       ; 0         ; 0    ; 0            ; 0          ; |Lab4_part2|NBitRegister:regR                ; NBitRegister ; work         ;
;    |binary2seven:hex2|         ; 7 (7)               ; 0 (0)                     ; 0           ; 0          ; 0            ; 0       ; 0         ; 0    ; 0            ; 0          ; |Lab4_part2|binary2seven:hex2                ; binary2seven ; work         ;
;    |binary2seven:hex3|         ; 7 (7)               ; 0 (0)                     ; 0           ; 0          ; 0            ; 0       ; 0         ; 0    ; 0            ; 0          ; |Lab4_part2|binary2seven:hex3                ; binary2seven ; work         ;
;    |binary2seven:hex4|         ; 7 (7)               ; 0 (0)                     ; 0           ; 0          ; 0            ; 0       ; 0         ; 0    ; 0            ; 0          ; |Lab4_part2|binary2seven:hex4                ; binary2seven ; work         ;
;    |binary2seven:hex5|         ; 7 (7)               ; 0 (0)                     ; 0           ; 0          ; 0            ; 0       ; 0         ; 0    ; 0            ; 0          ; |Lab4_part2|binary2seven:hex5                ; binary2seven ; work         ;
;    |clk_ladder:clock|          ; 18 (18)             ; 18 (18)                   ; 0           ; 0          ; 0            ; 0       ; 0         ; 0    ; 0            ; 0          ; |Lab4_part2|clk_ladder:clock                 ; clk_ladder   ; work         ;
+--------------------------------+---------------------+---------------------------+-------------+------------+--------------+---------+-----------+------+--------------+------------+----------------------------------------------+--------------+--------------+
Note: For table entries with two numbers listed, the numbers in parentheses indicate the number of resources of the given type used by the specific entity alone. The numbers listed outside of parentheses indicate the total resources of the given type used by the specific entity and all of its sub-entities in the hierarchy.


+------------------------------------------------------------------------------+
; Registers Removed During Synthesis                                           ;
+----------------------------------------+-------------------------------------+
; Register name                          ; Reason for Removal                  ;
+----------------------------------------+-------------------------------------+
; Multiplier:Mult|RegM[8..15]            ; Merged with Multiplier:Mult|RegM[7] ;
; clk_ladder:clock|ladder[18..31]        ; Lost fanout                         ;
; Total Number of Removed Registers = 22 ;                                     ;
+----------------------------------------+-------------------------------------+


+------------------------------------------------------+
; General Register Statistics                          ;
+----------------------------------------------+-------+
; Statistic                                    ; Value ;
+----------------------------------------------+-------+
; Total registers                              ; 93    ;
; Number of registers using Synchronous Clear  ; 20    ;
; Number of registers using Synchronous Load   ; 0     ;
; Number of registers using Asynchronous Clear ; 39    ;
; Number of registers using Asynchronous Load  ; 0     ;
; Number of registers using Clock Enable       ; 32    ;
; Number of registers using Preset             ; 0     ;
+----------------------------------------------+-------+


+-----------------------------------------------------+
; Inverted Register Statistics                        ;
+-------------------------------------------+---------+
; Inverted Register                         ; Fan out ;
+-------------------------------------------+---------+
; Multiplier:Mult|MultControl:Ctrl|state[0] ; 43      ;
; Total number of inverted registers = 1    ;         ;
+-------------------------------------------+---------+


+---------------------------------------------------------------------------------------------------------------------------------------------------------------------+
; Multiplexer Restructuring Statistics (Restructuring Performed)                                                                                                      ;
+--------------------+-----------+---------------+----------------------+------------------------+------------+-------------------------------------------------------+
; Multiplexer Inputs ; Bus Width ; Baseline Area ; Area if Restructured ; Saving if Restructured ; Registered ; Example Multiplexer Output                            ;
+--------------------+-----------+---------------+----------------------+------------------------+------------+-------------------------------------------------------+
; 3:1                ; 8 bits    ; 16 LEs        ; 8 LEs                ; 8 LEs                  ; Yes        ; |Lab4_part2|Multiplier:Mult|RegQ[3]                   ;
; 4:1                ; 16 bits   ; 32 LEs        ; 32 LEs               ; 0 LEs                  ; Yes        ; |Lab4_part2|Multiplier:Mult|RegA[7]                   ;
; 32:1               ; 2 bits    ; 42 LEs        ; 14 LEs               ; 28 LEs                 ; Yes        ; |Lab4_part2|Multiplier:Mult|MultControl:Ctrl|state[1] ;
; 4:1                ; 4 bits    ; 8 LEs         ; 8 LEs                ; 0 LEs                  ; No         ; |Lab4_part2|Controller:Mux|four2one:decoder|Mux0      ;
+--------------------+-----------+---------------+----------------------+------------------------+------------+-------------------------------------------------------+


+------------------------------------------------------------------------+
; Parameter Settings for User Entity Instance: NBitRegister:Multiplicand ;
+----------------+-------+-----------------------------------------------+
; Parameter Name ; Value ; Type                                          ;
+----------------+-------+-----------------------------------------------+
; N              ; 8     ; Signed Integer                                ;
+----------------+-------+-----------------------------------------------+
Note: In order to hide this table in the UI and the text report file, please set the "Show Parameter Settings in Synthesis Report" option in "Analysis and Synthesis Settings -> More Settings" to "Off".


+----------------------------------------------------------------------+
; Parameter Settings for User Entity Instance: NBitRegister:Multiplier ;
+----------------+-------+---------------------------------------------+
; Parameter Name ; Value ; Type                                        ;
+----------------+-------+---------------------------------------------+
; N              ; 8     ; Signed Integer                              ;
+----------------+-------+---------------------------------------------+
Note: In order to hide this table in the UI and the text report file, please set the "Show Parameter Settings in Synthesis Report" option in "Analysis and Synthesis Settings -> More Settings" to "Off".


+-------------------------------------------------------------------------------+
; Parameter Settings for User Entity Instance: Multiplier:Mult|MultControl:Ctrl ;
+----------------+-------+------------------------------------------------------+
; Parameter Name ; Value ; Type                                                 ;
+----------------+-------+------------------------------------------------------+
; StartS         ; 00001 ; Unsigned Binary                                      ;
; TestS          ; 00010 ; Unsigned Binary                                      ;
; AddS           ; 00100 ; Unsigned Binary                                      ;
; ShiftS         ; 01000 ; Unsigned Binary                                      ;
; HaltS          ; 10000 ; Unsigned Binary                                      ;
+----------------+-------+------------------------------------------------------+
Note: In order to hide this table in the UI and the text report file, please set the "Show Parameter Settings in Synthesis Report" option in "Analysis and Synthesis Settings -> More Settings" to "Off".


+----------------------------------------------------------------+
; Parameter Settings for User Entity Instance: NBitRegister:regR ;
+----------------+-------+---------------------------------------+
; Parameter Name ; Value ; Type                                  ;
+----------------+-------+---------------------------------------+
; N              ; 16    ; Signed Integer                        ;
+----------------+-------+---------------------------------------+
Note: In order to hide this table in the UI and the text report file, please set the "Show Parameter Settings in Synthesis Report" option in "Analysis and Synthesis Settings -> More Settings" to "Off".


+---------------------------------------------------------------+
; Parameter Settings for User Entity Instance: clk_ladder:clock ;
+----------------+-------+--------------------------------------+
; Parameter Name ; Value ; Type                                 ;
+----------------+-------+--------------------------------------+
; N              ; 32    ; Signed Integer                       ;
+----------------+-------+--------------------------------------+
Note: In order to hide this table in the UI and the text report file, please set the "Show Parameter Settings in Synthesis Report" option in "Analysis and Synthesis Settings -> More Settings" to "Off".


+------------------------------------------------------------------------------------------------------------------------------------------------------------------------+
; Port Connectivity Checks: "Controller:Mux|binary2seven:Hex"                                                                                                            ;
+------+-------+----------+----------------------------------------------------------------------------------------------------------------------------------------------+
; Port ; Type  ; Severity ; Details                                                                                                                                      ;
+------+-------+----------+----------------------------------------------------------------------------------------------------------------------------------------------+
; MODE ; Input ; Warning  ; Input port expression (1 bits) is smaller than the input port (4 bits) it drives.  Extra input bit(s) "MODE[3..1]" will be connected to GND. ;
+------+-------+----------+----------------------------------------------------------------------------------------------------------------------------------------------+


+--------------------------------------------+
; Port Connectivity Checks: "Controller:Mux" ;
+------+-------+----------+------------------+
; Port ; Type  ; Severity ; Details          ;
+------+-------+----------+------------------+
; MODE ; Input ; Info     ; Stuck at VCC     ;
+------+-------+----------+------------------+


+-------------------------------------------------------------------------------------------------------------------------------------+
; Port Connectivity Checks: "clk_ladder:clock"                                                                                        ;
+------+--------+----------+----------------------------------------------------------------------------------------------------------+
; Port ; Type   ; Severity ; Details                                                                                                  ;
+------+--------+----------+----------------------------------------------------------------------------------------------------------+
; clk1 ; Output ; Warning  ; Declared by entity but not connected by instance. Logic that only feeds a dangling port will be removed. ;
+------+--------+----------+----------------------------------------------------------------------------------------------------------+


+------------------------------------------------------------------------------------------------------------------------------------------------------------------------+
; Port Connectivity Checks: "binary2seven:hex2"                                                                                                                          ;
+------+-------+----------+----------------------------------------------------------------------------------------------------------------------------------------------+
; Port ; Type  ; Severity ; Details                                                                                                                                      ;
+------+-------+----------+----------------------------------------------------------------------------------------------------------------------------------------------+
; MODE ; Input ; Warning  ; Input port expression (1 bits) is smaller than the input port (4 bits) it drives.  Extra input bit(s) "MODE[3..1]" will be connected to GND. ;
; MODE ; Input ; Info     ; Stuck at GND                                                                                                                                 ;
+------+-------+----------+----------------------------------------------------------------------------------------------------------------------------------------------+


+------------------------------------------------------------------------------------------------------------------------------------------------------------------------+
; Port Connectivity Checks: "binary2seven:hex3"                                                                                                                          ;
+------+-------+----------+----------------------------------------------------------------------------------------------------------------------------------------------+
; Port ; Type  ; Severity ; Details                                                                                                                                      ;
+------+-------+----------+----------------------------------------------------------------------------------------------------------------------------------------------+
; MODE ; Input ; Warning  ; Input port expression (1 bits) is smaller than the input port (4 bits) it drives.  Extra input bit(s) "MODE[3..1]" will be connected to GND. ;
; MODE ; Input ; Info     ; Stuck at GND                                                                                                                                 ;
+------+-------+----------+----------------------------------------------------------------------------------------------------------------------------------------------+


+------------------------------------------------------------------------------------------------------------------------------------------------------------------------+
; Port Connectivity Checks: "binary2seven:hex4"                                                                                                                          ;
+------+-------+----------+----------------------------------------------------------------------------------------------------------------------------------------------+
; Port ; Type  ; Severity ; Details                                                                                                                                      ;
+------+-------+----------+----------------------------------------------------------------------------------------------------------------------------------------------+
; MODE ; Input ; Warning  ; Input port expression (1 bits) is smaller than the input port (4 bits) it drives.  Extra input bit(s) "MODE[3..1]" will be connected to GND. ;
; MODE ; Input ; Info     ; Stuck at GND                                                                                                                                 ;
+------+-------+----------+----------------------------------------------------------------------------------------------------------------------------------------------+


+------------------------------------------------------------------------------------------------------------------------------------------------------------------------+
; Port Connectivity Checks: "binary2seven:hex5"                                                                                                                          ;
+------+-------+----------+----------------------------------------------------------------------------------------------------------------------------------------------+
; Port ; Type  ; Severity ; Details                                                                                                                                      ;
+------+-------+----------+----------------------------------------------------------------------------------------------------------------------------------------------+
; MODE ; Input ; Warning  ; Input port expression (1 bits) is smaller than the input port (4 bits) it drives.  Extra input bit(s) "MODE[3..1]" will be connected to GND. ;
; MODE ; Input ; Info     ; Stuck at GND                                                                                                                                 ;
+------+-------+----------+----------------------------------------------------------------------------------------------------------------------------------------------+


+-----------------------------------------------------+
; Post-Synthesis Netlist Statistics for Top Partition ;
+-----------------------+-----------------------------+
; Type                  ; Count                       ;
+-----------------------+-----------------------------+
; boundary_port         ; 68                          ;
; cycloneiii_ff         ; 93                          ;
;     CLR               ; 39                          ;
;     ENA               ; 16                          ;
;     ENA SCLR          ; 16                          ;
;     SCLR              ; 4                           ;
;     plain             ; 18                          ;
; cycloneiii_lcell_comb ; 187                         ;
;     arith             ; 48                          ;
;         2 data inputs ; 15                          ;
;         3 data inputs ; 33                          ;
;     normal            ; 139                         ;
;         1 data inputs ; 15                          ;
;         2 data inputs ; 25                          ;
;         3 data inputs ; 46                          ;
;         4 data inputs ; 53                          ;
;                       ;                             ;
; Max LUT depth         ; 5.60                        ;
; Average LUT depth     ; 3.38                        ;
+-----------------------+-----------------------------+


+-------------------------------+
; Elapsed Time Per Partition    ;
+----------------+--------------+
; Partition Name ; Elapsed Time ;
+----------------+--------------+
; Top            ; 00:00:00     ;
+----------------+--------------+


+-------------------------------+
; Analysis & Synthesis Messages ;
+-------------------------------+
Info: *******************************************************************
Info: Running Quartus Prime Analysis & Synthesis
    Info: Version 20.1.1 Build 720 11/11/2020 SJ Lite Edition
    Info: Processing started: Wed Mar 27 23:03:02 2024
Info: Command: quartus_map --read_settings_files=on --write_settings_files=off Lab4_part2 -c Lab4_part2
Warning (18236): Number of processors has not been specified which may cause overloading on shared machines.  Set the global assignment NUM_PARALLEL_PROCESSORS in your QSF to an appropriate value for best performance.
Info (20030): Parallel compilation is enabled and will use 16 of the 16 processors detected
Info (12021): Found 1 design units, including 1 entities, in source file multiplier.sv
    Info (12023): Found entity 1: Multiplier File: C:/Users/serva/OneDrive/Documents/Classes_Spring_2024/ADL/LAB4/Lab4_part2/Multiplier.sv Line: 2
Info (12021): Found 1 design units, including 1 entities, in source file multcontrol.sv
    Info (12023): Found entity 1: MultControl File: C:/Users/serva/OneDrive/Documents/Classes_Spring_2024/ADL/LAB4/Lab4_part2/MultControl.sv Line: 2
Info (12021): Found 1 design units, including 1 entities, in source file nbitregister.sv
    Info (12023): Found entity 1: NBitRegister File: C:/Users/serva/OneDrive/Documents/Classes_Spring_2024/ADL/LAB4/Lab4_part2/NBitRegister.sv Line: 1
Info (12021): Found 1 design units, including 1 entities, in source file controller.sv
    Info (12023): Found entity 1: Controller File: C:/Users/serva/OneDrive/Documents/Classes_Spring_2024/ADL/LAB4/Lab4_part2/Controller.sv Line: 1
Info (12021): Found 1 design units, including 1 entities, in source file binary2seven.sv
    Info (12023): Found entity 1: binary2seven File: C:/Users/serva/OneDrive/Documents/Classes_Spring_2024/ADL/LAB4/Lab4_part2/binary2seven.sv Line: 1
Info (12021): Found 1 design units, including 1 entities, in source file four2one.sv
    Info (12023): Found entity 1: four2one File: C:/Users/serva/OneDrive/Documents/Classes_Spring_2024/ADL/LAB4/Lab4_part2/four2one.sv Line: 1
Info (12021): Found 1 design units, including 1 entities, in source file fsm.sv
    Info (12023): Found entity 1: FSM File: C:/Users/serva/OneDrive/Documents/Classes_Spring_2024/ADL/LAB4/Lab4_part2/FSM.sv Line: 4
Info (12021): Found 1 design units, including 1 entities, in source file clk_ladder.sv
    Info (12023): Found entity 1: clk_ladder File: C:/Users/serva/OneDrive/Documents/Classes_Spring_2024/ADL/LAB4/Lab4_part2/clk_ladder.sv Line: 1
Info (12021): Found 1 design units, including 1 entities, in source file lab4_part2.sv
    Info (12023): Found entity 1: Lab4_part2 File: C:/Users/serva/OneDrive/Documents/Classes_Spring_2024/ADL/LAB4/Lab4_part2/Lab4_part2.sv Line: 1
Info (12127): Elaborating entity "Lab4_part2" for the top level hierarchy
Info (12128): Elaborating entity "NBitRegister" for hierarchy "NBitRegister:Multiplicand" File: C:/Users/serva/OneDrive/Documents/Classes_Spring_2024/ADL/LAB4/Lab4_part2/Lab4_part2.sv Line: 23
Info (12128): Elaborating entity "binary2seven" for hierarchy "binary2seven:hex5" File: C:/Users/serva/OneDrive/Documents/Classes_Spring_2024/ADL/LAB4/Lab4_part2/Lab4_part2.sv Line: 30
Info (12128): Elaborating entity "Multiplier" for hierarchy "Multiplier:Mult" File: C:/Users/serva/OneDrive/Documents/Classes_Spring_2024/ADL/LAB4/Lab4_part2/Lab4_part2.sv Line: 71
Warning (10230): Verilog HDL assignment warning at Multiplier.sv(21): truncated value with size 32 to match size of target (3) File: C:/Users/serva/OneDrive/Documents/Classes_Spring_2024/ADL/LAB4/Lab4_part2/Multiplier.sv Line: 21
Info (12128): Elaborating entity "MultControl" for hierarchy "Multiplier:Mult|MultControl:Ctrl" File: C:/Users/serva/OneDrive/Documents/Classes_Spring_2024/ADL/LAB4/Lab4_part2/Multiplier.sv Line: 51
Info (10264): Verilog HDL Case Statement information at MultControl.sv(17): all case item expressions in this case statement are onehot File: C:/Users/serva/OneDrive/Documents/Classes_Spring_2024/ADL/LAB4/Lab4_part2/MultControl.sv Line: 17
Info (12128): Elaborating entity "NBitRegister" for hierarchy "NBitRegister:regR" File: C:/Users/serva/OneDrive/Documents/Classes_Spring_2024/ADL/LAB4/Lab4_part2/Lab4_part2.sv Line: 79
Info (12128): Elaborating entity "clk_ladder" for hierarchy "clk_ladder:clock" File: C:/Users/serva/OneDrive/Documents/Classes_Spring_2024/ADL/LAB4/Lab4_part2/Lab4_part2.sv Line: 85
Warning (10034): Output port "clk1" at clk_ladder.sv(5) has no driver File: C:/Users/serva/OneDrive/Documents/Classes_Spring_2024/ADL/LAB4/Lab4_part2/clk_ladder.sv Line: 5
Info (12128): Elaborating entity "Controller" for hierarchy "Controller:Mux" File: C:/Users/serva/OneDrive/Documents/Classes_Spring_2024/ADL/LAB4/Lab4_part2/Lab4_part2.sv Line: 98
Info (12128): Elaborating entity "four2one" for hierarchy "Controller:Mux|four2one:decoder" File: C:/Users/serva/OneDrive/Documents/Classes_Spring_2024/ADL/LAB4/Lab4_part2/Controller.sv Line: 21
Info (12128): Elaborating entity "FSM" for hierarchy "Controller:Mux|FSM:digit" File: C:/Users/serva/OneDrive/Documents/Classes_Spring_2024/ADL/LAB4/Lab4_part2/Controller.sv Line: 29
Warning (12241): 6 hierarchies have connectivity warnings - see the Connectivity Checks report folder
Info (13000): Registers with preset signals will power-up high File: C:/Users/serva/OneDrive/Documents/Classes_Spring_2024/ADL/LAB4/Lab4_part2/MultControl.sv Line: 17
Info (13003): DEV_CLRn pin will set, and not reset, register with preset signal due to NOT Gate Push-Back
Info (286030): Timing-Driven Synthesis is running
Info (17049): 14 registers lost all their fanouts during netlist optimizations.
Info (144001): Generated suppressed messages file C:/Users/serva/OneDrive/Documents/Classes_Spring_2024/ADL/LAB4/Lab4_part2/output_files/Lab4_part2.map.smsg
Info (16010): Generating hard_block partition "hard_block:auto_generated_inst"
    Info (16011): Adding 0 node(s), including 0 DDIO, 0 PLL, 0 transceiver and 0 LCELL
Info (21057): Implemented 284 device resources after synthesis - the final resource count might be different
    Info (21058): Implemented 13 input pins
    Info (21059): Implemented 55 output pins
    Info (21061): Implemented 216 logic cells
Info: Quartus Prime Analysis & Synthesis was successful. 0 errors, 4 warnings
    Info: Peak virtual memory: 4839 megabytes
    Info: Processing ended: Wed Mar 27 23:03:13 2024
    Info: Elapsed time: 00:00:11
    Info: Total CPU time (on all processors): 00:00:15


+------------------------------------------+
; Analysis & Synthesis Suppressed Messages ;
+------------------------------------------+
The suppressed messages can be found in C:/Users/serva/OneDrive/Documents/Classes_Spring_2024/ADL/LAB4/Lab4_part2/output_files/Lab4_part2.map.smsg.


