Analysis & Synthesis report for Lab6
Sat Apr 20 00:00:52 2024
Quartus Prime Version 20.1.1 Build 720 11/11/2020 SJ Lite Edition


---------------------
; Table of Contents ;
---------------------
  1. Legal Notice
  2. Analysis & Synthesis Summary
  3. Analysis & Synthesis Settings
  4. Parallel Compilation
  5. Analysis & Synthesis Source Files Read
  6. Analysis & Synthesis Resource Usage Summary
  7. Analysis & Synthesis Resource Utilization by Entity
  8. Registers Removed During Synthesis
  9. General Register Statistics
 10. Multiplexer Restructuring Statistics (Restructuring Performed)
 11. Parameter Settings for User Entity Instance: keypad_input:INPUT
 12. Parameter Settings for User Entity Instance: keypad_input:INPUT|keypad_base:keypad_base|clock_div:keypad_clock_divider
 13. Parameter Settings for User Entity Instance: keypad_input:INPUT|keypad_base:keypad_base|keypad_decoder:keypad_key_decoder
 14. Parameter Settings for User Entity Instance: keypad_input:INPUT|shift_reg:shift_reg
 15. Parameter Settings for User Entity Instance: Controller:Mux|clk_ladder:clock
 16. Port Connectivity Checks: "Controller:Mux|binary2seven:Hex"
 17. Port Connectivity Checks: "Controller:Mux"
 18. Port Connectivity Checks: "keypad_input:INPUT|shift_reg:shift_reg"
 19. Port Connectivity Checks: "keypad_input:INPUT|keypad_base:keypad_base|keypad_fsm:keypad_fsm"
 20. Port Connectivity Checks: "keypad_input:INPUT|keypad_base:keypad_base|clock_div:keypad_clock_divider"
 21. Port Connectivity Checks: "keypad_input:INPUT|keypad_base:keypad_base"
 22. Port Connectivity Checks: "keypad_input:INPUT"
 23. Post-Synthesis Netlist Statistics for Top Partition
 24. Elapsed Time Per Partition
 25. Analysis & Synthesis Messages
 26. Analysis & Synthesis Suppressed Messages



----------------
; Legal Notice ;
----------------
Copyright (C) 2020  Intel Corporation. All rights reserved.
Your use of Intel Corporation's design tools, logic functions 
and other software and tools, and any partner logic 
functions, and any output files from any of the foregoing 
(including device programming or simulation files), and any 
associated documentation or information are expressly subject 
to the terms and conditions of the Intel Program License 
Subscription Agreement, the Intel Quartus Prime License Agreement,
the Intel FPGA IP License Agreement, or other applicable license
agreement, including, without limitation, that your use is for
the sole purpose of programming logic devices manufactured by
Intel and sold by Intel or its authorized distributors.  Please
refer to the applicable agreement for further details, at
https://fpgasoftware.intel.com/eula.



+----------------------------------------------------------------------------------+
; Analysis & Synthesis Summary                                                     ;
+------------------------------------+---------------------------------------------+
; Analysis & Synthesis Status        ; Successful - Sat Apr 20 00:00:52 2024       ;
; Quartus Prime Version              ; 20.1.1 Build 720 11/11/2020 SJ Lite Edition ;
; Revision Name                      ; Lab6                                        ;
; Top-level Entity Name              ; Lab6                                        ;
; Family                             ; MAX 10                                      ;
; Total logic elements               ; 169                                         ;
;     Total combinational functions  ; 160                                         ;
;     Dedicated logic registers      ; 83                                          ;
; Total registers                    ; 83                                          ;
; Total pins                         ; 22                                          ;
; Total virtual pins                 ; 0                                           ;
; Total memory bits                  ; 0                                           ;
; Embedded Multiplier 9-bit elements ; 0                                           ;
; Total PLLs                         ; 0                                           ;
; UFM blocks                         ; 0                                           ;
; ADC blocks                         ; 0                                           ;
+------------------------------------+---------------------------------------------+


+------------------------------------------------------------------------------------------------------------+
; Analysis & Synthesis Settings                                                                              ;
+------------------------------------------------------------------+--------------------+--------------------+
; Option                                                           ; Setting            ; Default Value      ;
+------------------------------------------------------------------+--------------------+--------------------+
; Device                                                           ; 10M50DAF484C7G     ;                    ;
; Top-level entity name                                            ; Lab6               ; Lab6               ;
; Family name                                                      ; MAX 10             ; Cyclone V          ;
; Use smart compilation                                            ; Off                ; Off                ;
; Enable parallel Assembler and Timing Analyzer during compilation ; On                 ; On                 ;
; Enable compact report table                                      ; Off                ; Off                ;
; Restructure Multiplexers                                         ; Auto               ; Auto               ;
; Create Debugging Nodes for IP Cores                              ; Off                ; Off                ;
; Preserve fewer node names                                        ; On                 ; On                 ;
; Intel FPGA IP Evaluation Mode                                    ; Enable             ; Enable             ;
; Verilog Version                                                  ; Verilog_2001       ; Verilog_2001       ;
; VHDL Version                                                     ; VHDL_1993          ; VHDL_1993          ;
; State Machine Processing                                         ; Auto               ; Auto               ;
; Safe State Machine                                               ; Off                ; Off                ;
; Extract Verilog State Machines                                   ; On                 ; On                 ;
; Extract VHDL State Machines                                      ; On                 ; On                 ;
; Ignore Verilog initial constructs                                ; Off                ; Off                ;
; Iteration limit for constant Verilog loops                       ; 5000               ; 5000               ;
; Iteration limit for non-constant Verilog loops                   ; 250                ; 250                ;
; Add Pass-Through Logic to Inferred RAMs                          ; On                 ; On                 ;
; Infer RAMs from Raw Logic                                        ; On                 ; On                 ;
; Parallel Synthesis                                               ; On                 ; On                 ;
; DSP Block Balancing                                              ; Auto               ; Auto               ;
; NOT Gate Push-Back                                               ; On                 ; On                 ;
; Power-Up Don't Care                                              ; On                 ; On                 ;
; Remove Redundant Logic Cells                                     ; Off                ; Off                ;
; Remove Duplicate Registers                                       ; On                 ; On                 ;
; Ignore CARRY Buffers                                             ; Off                ; Off                ;
; Ignore CASCADE Buffers                                           ; Off                ; Off                ;
; Ignore GLOBAL Buffers                                            ; Off                ; Off                ;
; Ignore ROW GLOBAL Buffers                                        ; Off                ; Off                ;
; Ignore LCELL Buffers                                             ; Off                ; Off                ;
; Ignore SOFT Buffers                                              ; On                 ; On                 ;
; Limit AHDL Integers to 32 Bits                                   ; Off                ; Off                ;
; Optimization Technique                                           ; Balanced           ; Balanced           ;
; Carry Chain Length                                               ; 70                 ; 70                 ;
; Auto Carry Chains                                                ; On                 ; On                 ;
; Auto Open-Drain Pins                                             ; On                 ; On                 ;
; Perform WYSIWYG Primitive Resynthesis                            ; Off                ; Off                ;
; Auto ROM Replacement                                             ; On                 ; On                 ;
; Auto RAM Replacement                                             ; On                 ; On                 ;
; Auto DSP Block Replacement                                       ; On                 ; On                 ;
; Auto Shift Register Replacement                                  ; Auto               ; Auto               ;
; Allow Shift Register Merging across Hierarchies                  ; Auto               ; Auto               ;
; Auto Clock Enable Replacement                                    ; On                 ; On                 ;
; Strict RAM Replacement                                           ; Off                ; Off                ;
; Allow Synchronous Control Signals                                ; On                 ; On                 ;
; Force Use of Synchronous Clear Signals                           ; Off                ; Off                ;
; Auto RAM Block Balancing                                         ; On                 ; On                 ;
; Auto RAM to Logic Cell Conversion                                ; Off                ; Off                ;
; Auto Resource Sharing                                            ; Off                ; Off                ;
; Allow Any RAM Size For Recognition                               ; Off                ; Off                ;
; Allow Any ROM Size For Recognition                               ; Off                ; Off                ;
; Allow Any Shift Register Size For Recognition                    ; Off                ; Off                ;
; Use LogicLock Constraints during Resource Balancing              ; On                 ; On                 ;
; Ignore translate_off and synthesis_off directives                ; Off                ; Off                ;
; Timing-Driven Synthesis                                          ; On                 ; On                 ;
; Report Parameter Settings                                        ; On                 ; On                 ;
; Report Source Assignments                                        ; On                 ; On                 ;
; Report Connectivity Checks                                       ; On                 ; On                 ;
; Ignore Maximum Fan-Out Assignments                               ; Off                ; Off                ;
; Synchronization Register Chain Length                            ; 2                  ; 2                  ;
; Power Optimization During Synthesis                              ; Normal compilation ; Normal compilation ;
; HDL message level                                                ; Level2             ; Level2             ;
; Suppress Register Optimization Related Messages                  ; Off                ; Off                ;
; Number of Removed Registers Reported in Synthesis Report         ; 5000               ; 5000               ;
; Number of Swept Nodes Reported in Synthesis Report               ; 5000               ; 5000               ;
; Number of Inverted Registers Reported in Synthesis Report        ; 100                ; 100                ;
; Clock MUX Protection                                             ; On                 ; On                 ;
; Auto Gated Clock Conversion                                      ; Off                ; Off                ;
; Block Design Naming                                              ; Auto               ; Auto               ;
; SDC constraint protection                                        ; Off                ; Off                ;
; Synthesis Effort                                                 ; Auto               ; Auto               ;
; Shift Register Replacement - Allow Asynchronous Clear Signal     ; On                 ; On                 ;
; Pre-Mapping Resynthesis Optimization                             ; Off                ; Off                ;
; Analysis & Synthesis Message Level                               ; Medium             ; Medium             ;
; Disable Register Merging Across Hierarchies                      ; Auto               ; Auto               ;
; Resource Aware Inference For Block RAM                           ; On                 ; On                 ;
+------------------------------------------------------------------+--------------------+--------------------+


+------------------------------------------+
; Parallel Compilation                     ;
+----------------------------+-------------+
; Processors                 ; Number      ;
+----------------------------+-------------+
; Number detected on machine ; 16          ;
; Maximum allowed            ; 16          ;
;                            ;             ;
; Average used               ; 1.00        ;
; Maximum used               ; 16          ;
;                            ;             ;
; Usage by Processor         ; % Time Used ;
;     Processor 1            ; 100.0%      ;
;     Processor 2            ;   0.0%      ;
;     Processors 3-16        ;   0.0%      ;
+----------------------------+-------------+


+-------------------------------------------------------------------------------------------------------------------------------------------------------------------------------------+
; Analysis & Synthesis Source Files Read                                                                                                                                              ;
+----------------------------------+-----------------+------------------------------+---------------------------------------------------------------------------------------+---------+
; File Name with User-Entered Path ; Used in Netlist ; File Type                    ; File Name with Absolute Path                                                          ; Library ;
+----------------------------------+-----------------+------------------------------+---------------------------------------------------------------------------------------+---------+
; Lab6.sv                          ; yes             ; User SystemVerilog HDL File  ; C:/Users/serva/OneDrive/Documents/Classes_Spring_2024/ADL/Lab6/Lab6/Lab6.sv           ;         ;
; keypad_input.sv                  ; yes             ; User SystemVerilog HDL File  ; C:/Users/serva/OneDrive/Documents/Classes_Spring_2024/ADL/Lab6/Lab6/keypad_input.sv   ;         ;
; keypad_base.sv                   ; yes             ; User SystemVerilog HDL File  ; C:/Users/serva/OneDrive/Documents/Classes_Spring_2024/ADL/Lab6/Lab6/keypad_base.sv    ;         ;
; clock_div.sv                     ; yes             ; User SystemVerilog HDL File  ; C:/Users/serva/OneDrive/Documents/Classes_Spring_2024/ADL/Lab6/Lab6/clock_div.sv      ;         ;
; keypad_fsm.sv                    ; yes             ; User SystemVerilog HDL File  ; C:/Users/serva/OneDrive/Documents/Classes_Spring_2024/ADL/Lab6/Lab6/keypad_fsm.sv     ;         ;
; keypad_decoder.sv                ; yes             ; User SystemVerilog HDL File  ; C:/Users/serva/OneDrive/Documents/Classes_Spring_2024/ADL/Lab6/Lab6/keypad_decoder.sv ;         ;
; shift_reg.sv                     ; yes             ; User SystemVerilog HDL File  ; C:/Users/serva/OneDrive/Documents/Classes_Spring_2024/ADL/Lab6/Lab6/shift_reg.sv      ;         ;
; Controller.sv                    ; yes             ; User SystemVerilog HDL File  ; C:/Users/serva/OneDrive/Documents/Classes_Spring_2024/ADL/Lab6/Lab6/Controller.sv     ;         ;
; clk_ladder.sv                    ; yes             ; User SystemVerilog HDL File  ; C:/Users/serva/OneDrive/Documents/Classes_Spring_2024/ADL/Lab6/Lab6/clk_ladder.sv     ;         ;
; four2one.sv                      ; yes             ; User SystemVerilog HDL File  ; C:/Users/serva/OneDrive/Documents/Classes_Spring_2024/ADL/Lab6/Lab6/four2one.sv       ;         ;
; FSM.sv                           ; yes             ; User SystemVerilog HDL File  ; C:/Users/serva/OneDrive/Documents/Classes_Spring_2024/ADL/Lab6/Lab6/FSM.sv            ;         ;
; binary2seven.sv                  ; yes             ; User SystemVerilog HDL File  ; C:/Users/serva/OneDrive/Documents/Classes_Spring_2024/ADL/Lab6/Lab6/binary2seven.sv   ;         ;
+----------------------------------+-----------------+------------------------------+---------------------------------------------------------------------------------------+---------+


+---------------------------------------------------------+
; Analysis & Synthesis Resource Usage Summary             ;
+---------------------------------------------+-----------+
; Resource                                    ; Usage     ;
+---------------------------------------------+-----------+
; Estimated Total logic elements              ; 169       ;
;                                             ;           ;
; Total combinational functions               ; 160       ;
; Logic element usage by number of LUT inputs ;           ;
;     -- 4 input functions                    ; 67        ;
;     -- 3 input functions                    ; 18        ;
;     -- <=2 input functions                  ; 75        ;
;                                             ;           ;
; Logic elements by mode                      ;           ;
;     -- normal mode                          ; 113       ;
;     -- arithmetic mode                      ; 47        ;
;                                             ;           ;
; Total registers                             ; 83        ;
;     -- Dedicated logic registers            ; 83        ;
;     -- I/O registers                        ; 0         ;
;                                             ;           ;
; I/O pins                                    ; 22        ;
;                                             ;           ;
; Embedded Multiplier 9-bit elements          ; 0         ;
;                                             ;           ;
; Maximum fan-out node                        ; CLK~input ;
; Maximum fan-out                             ; 51        ;
; Total fan-out                               ; 688       ;
; Average fan-out                             ; 2.40      ;
+---------------------------------------------+-----------+


+------------------------------------------------------------------------------------------------------------------------------------------------------------------------------------------------------------------------------------------------------------------------------------------------------------------------+
; Analysis & Synthesis Resource Utilization by Entity                                                                                                                                                                                                                                                                    ;
+----------------------------------------------+---------------------+---------------------------+-------------+------------+--------------+---------+-----------+------+--------------+------------+------------------------------------------------------------------------------------+----------------+--------------+
; Compilation Hierarchy Node                   ; Combinational ALUTs ; Dedicated Logic Registers ; Memory Bits ; UFM Blocks ; DSP Elements ; DSP 9x9 ; DSP 18x18 ; Pins ; Virtual Pins ; ADC blocks ; Full Hierarchy Name                                                                ; Entity Name    ; Library Name ;
+----------------------------------------------+---------------------+---------------------------+-------------+------------+--------------+---------+-----------+------+--------------+------------+------------------------------------------------------------------------------------+----------------+--------------+
; |Lab6                                        ; 160 (0)             ; 83 (0)                    ; 0           ; 0          ; 0            ; 0       ; 0         ; 22   ; 0            ; 0          ; |Lab6                                                                              ; Lab6           ; work         ;
;    |Controller:Mux|                          ; 39 (0)              ; 20 (0)                    ; 0           ; 0          ; 0            ; 0       ; 0         ; 0    ; 0            ; 0          ; |Lab6|Controller:Mux                                                               ; Controller     ; work         ;
;       |FSM:digit|                            ; 6 (6)               ; 2 (2)                     ; 0           ; 0          ; 0            ; 0       ; 0         ; 0    ; 0            ; 0          ; |Lab6|Controller:Mux|FSM:digit                                                     ; FSM            ; work         ;
;       |binary2seven:Hex|                     ; 7 (7)               ; 0 (0)                     ; 0           ; 0          ; 0            ; 0       ; 0         ; 0    ; 0            ; 0          ; |Lab6|Controller:Mux|binary2seven:Hex                                              ; binary2seven   ; work         ;
;       |clk_ladder:clock|                     ; 18 (18)             ; 18 (18)                   ; 0           ; 0          ; 0            ; 0       ; 0         ; 0    ; 0            ; 0          ; |Lab6|Controller:Mux|clk_ladder:clock                                              ; clk_ladder     ; work         ;
;       |four2one:decoder|                     ; 8 (8)               ; 0 (0)                     ; 0           ; 0          ; 0            ; 0       ; 0         ; 0    ; 0            ; 0          ; |Lab6|Controller:Mux|four2one:decoder                                              ; four2one       ; work         ;
;    |keypad_input:INPUT|                      ; 121 (0)             ; 63 (0)                    ; 0           ; 0          ; 0            ; 0       ; 0         ; 0    ; 0            ; 0          ; |Lab6|keypad_input:INPUT                                                           ; keypad_input   ; work         ;
;       |keypad_base:keypad_base|              ; 116 (2)             ; 41 (0)                    ; 0           ; 0          ; 0            ; 0       ; 0         ; 0    ; 0            ; 0          ; |Lab6|keypad_input:INPUT|keypad_base:keypad_base                                   ; keypad_base    ; work         ;
;          |clock_div:keypad_clock_divider|    ; 50 (50)             ; 33 (33)                   ; 0           ; 0          ; 0            ; 0       ; 0         ; 0    ; 0            ; 0          ; |Lab6|keypad_input:INPUT|keypad_base:keypad_base|clock_div:keypad_clock_divider    ; clock_div      ; work         ;
;          |keypad_decoder:keypad_key_decoder| ; 48 (48)             ; 0 (0)                     ; 0           ; 0          ; 0            ; 0       ; 0         ; 0    ; 0            ; 0          ; |Lab6|keypad_input:INPUT|keypad_base:keypad_base|keypad_decoder:keypad_key_decoder ; keypad_decoder ; work         ;
;          |keypad_fsm:keypad_fsm|             ; 16 (16)             ; 8 (8)                     ; 0           ; 0          ; 0            ; 0       ; 0         ; 0    ; 0            ; 0          ; |Lab6|keypad_input:INPUT|keypad_base:keypad_base|keypad_fsm:keypad_fsm             ; keypad_fsm     ; work         ;
;       |shift_reg:shift_reg|                  ; 5 (5)               ; 22 (22)                   ; 0           ; 0          ; 0            ; 0       ; 0         ; 0    ; 0            ; 0          ; |Lab6|keypad_input:INPUT|shift_reg:shift_reg                                       ; shift_reg      ; work         ;
+----------------------------------------------+---------------------+---------------------------+-------------+------------+--------------+---------+-----------+------+--------------+------------+------------------------------------------------------------------------------------+----------------+--------------+
Note: For table entries with two numbers listed, the numbers in parentheses indicate the number of resources of the given type used by the specific entity alone. The numbers listed outside of parentheses indicate the total resources of the given type used by the specific entity and all of its sub-entities in the hierarchy.


+-----------------------------------------------------------------------------------------------------------------+
; Registers Removed During Synthesis                                                                              ;
+--------------------------------------------------+--------------------------------------------------------------+
; Register name                                    ; Reason for Removal                                           ;
+--------------------------------------------------+--------------------------------------------------------------+
; keypad_input:INPUT|shift_reg:shift_reg|out[0..3] ; Lost fanout                                                  ;
; keypad_input:INPUT|shift_reg:shift_reg|out[3]~0  ; Merged with keypad_input:INPUT|shift_reg:shift_reg|out[2]~4  ;
; keypad_input:INPUT|shift_reg:shift_reg|out[2]~4  ; Merged with keypad_input:INPUT|shift_reg:shift_reg|out[1]~8  ;
; keypad_input:INPUT|shift_reg:shift_reg|out[1]~8  ; Merged with keypad_input:INPUT|shift_reg:shift_reg|out[0]~12 ;
; keypad_input:INPUT|shift_reg:shift_reg|out[3]~3  ; Merged with keypad_input:INPUT|shift_reg:shift_reg|out[0]~15 ;
; keypad_input:INPUT|shift_reg:shift_reg|out[2]~7  ; Merged with keypad_input:INPUT|shift_reg:shift_reg|out[0]~15 ;
; keypad_input:INPUT|shift_reg:shift_reg|out[1]~11 ; Merged with keypad_input:INPUT|shift_reg:shift_reg|out[0]~15 ;
; Controller:Mux|clk_ladder:clock|ladder[18..31]   ; Lost fanout                                                  ;
; Total Number of Removed Registers = 24           ;                                                              ;
+--------------------------------------------------+--------------------------------------------------------------+


+------------------------------------------------------+
; General Register Statistics                          ;
+----------------------------------------------+-------+
; Statistic                                    ; Value ;
+----------------------------------------------+-------+
; Total registers                              ; 83    ;
; Number of registers using Synchronous Clear  ; 1     ;
; Number of registers using Synchronous Load   ; 0     ;
; Number of registers using Asynchronous Clear ; 15    ;
; Number of registers using Asynchronous Load  ; 0     ;
; Number of registers using Clock Enable       ; 4     ;
; Number of registers using Preset             ; 0     ;
+----------------------------------------------+-------+


+---------------------------------------------------------------------------------------------------------------------------------------------------------------------------------------------+
; Multiplexer Restructuring Statistics (Restructuring Performed)                                                                                                                              ;
+--------------------+-----------+---------------+----------------------+------------------------+------------+-------------------------------------------------------------------------------+
; Multiplexer Inputs ; Bus Width ; Baseline Area ; Area if Restructured ; Saving if Restructured ; Registered ; Example Multiplexer Output                                                    ;
+--------------------+-----------+---------------+----------------------+------------------------+------------+-------------------------------------------------------------------------------+
; 16:1               ; 4 bits    ; 40 LEs        ; 12 LEs               ; 28 LEs                 ; Yes        ; |Lab6|keypad_input:INPUT|keypad_base:keypad_base|keypad_fsm:keypad_fsm|col[1] ;
; 4:1                ; 4 bits    ; 8 LEs         ; 8 LEs                ; 0 LEs                  ; No         ; |Lab6|Controller:Mux|four2one:decoder|Mux3                                    ;
+--------------------+-----------+---------------+----------------------+------------------------+------------+-------------------------------------------------------------------------------+


+-----------------------------------------------------------------+
; Parameter Settings for User Entity Instance: keypad_input:INPUT ;
+----------------+-------+----------------------------------------+
; Parameter Name ; Value ; Type                                   ;
+----------------+-------+----------------------------------------+
; DIGITS         ; 4     ; Signed Integer                         ;
+----------------+-------+----------------------------------------+
Note: In order to hide this table in the UI and the text report file, please set the "Show Parameter Settings in Synthesis Report" option in "Analysis and Synthesis Settings -> More Settings" to "Off".


+------------------------------------------------------------------------------------------------------------------------+
; Parameter Settings for User Entity Instance: keypad_input:INPUT|keypad_base:keypad_base|clock_div:keypad_clock_divider ;
+----------------+--------+----------------------------------------------------------------------------------------------+
; Parameter Name ; Value  ; Type                                                                                         ;
+----------------+--------+----------------------------------------------------------------------------------------------+
; WIDTH          ; 32     ; Signed Integer                                                                               ;
; DIV            ; 100000 ; Signed Integer                                                                               ;
+----------------+--------+----------------------------------------------------------------------------------------------+
Note: In order to hide this table in the UI and the text report file, please set the "Show Parameter Settings in Synthesis Report" option in "Analysis and Synthesis Settings -> More Settings" to "Off".


+---------------------------------------------------------------------------------------------------------------------------+
; Parameter Settings for User Entity Instance: keypad_input:INPUT|keypad_base:keypad_base|keypad_decoder:keypad_key_decoder ;
+----------------+-------+--------------------------------------------------------------------------------------------------+
; Parameter Name ; Value ; Type                                                                                             ;
+----------------+-------+--------------------------------------------------------------------------------------------------+
; BASE           ; 10    ; Signed Integer                                                                                   ;
+----------------+-------+--------------------------------------------------------------------------------------------------+
Note: In order to hide this table in the UI and the text report file, please set the "Show Parameter Settings in Synthesis Report" option in "Analysis and Synthesis Settings -> More Settings" to "Off".


+-------------------------------------------------------------------------------------+
; Parameter Settings for User Entity Instance: keypad_input:INPUT|shift_reg:shift_reg ;
+----------------+-------+------------------------------------------------------------+
; Parameter Name ; Value ; Type                                                       ;
+----------------+-------+------------------------------------------------------------+
; COUNT          ; 4     ; Signed Integer                                             ;
; WIDTH          ; 4     ; Signed Integer                                             ;
+----------------+-------+------------------------------------------------------------+
Note: In order to hide this table in the UI and the text report file, please set the "Show Parameter Settings in Synthesis Report" option in "Analysis and Synthesis Settings -> More Settings" to "Off".


+------------------------------------------------------------------------------+
; Parameter Settings for User Entity Instance: Controller:Mux|clk_ladder:clock ;
+----------------+-------+-----------------------------------------------------+
; Parameter Name ; Value ; Type                                                ;
+----------------+-------+-----------------------------------------------------+
; N              ; 32    ; Signed Integer                                      ;
+----------------+-------+-----------------------------------------------------+
Note: In order to hide this table in the UI and the text report file, please set the "Show Parameter Settings in Synthesis Report" option in "Analysis and Synthesis Settings -> More Settings" to "Off".


+------------------------------------------------------------------------------------------------------------------------------------------------------------------------+
; Port Connectivity Checks: "Controller:Mux|binary2seven:Hex"                                                                                                            ;
+------+-------+----------+----------------------------------------------------------------------------------------------------------------------------------------------+
; Port ; Type  ; Severity ; Details                                                                                                                                      ;
+------+-------+----------+----------------------------------------------------------------------------------------------------------------------------------------------+
; MODE ; Input ; Warning  ; Input port expression (1 bits) is smaller than the input port (4 bits) it drives.  Extra input bit(s) "MODE[3..1]" will be connected to GND. ;
+------+-------+----------+----------------------------------------------------------------------------------------------------------------------------------------------+


+--------------------------------------------+
; Port Connectivity Checks: "Controller:Mux" ;
+------+-------+----------+------------------+
; Port ; Type  ; Severity ; Details          ;
+------+-------+----------+------------------+
; MODE ; Input ; Info     ; Stuck at VCC     ;
+------+-------+----------+------------------+


+------------------------------------------------------------------------------------------------------------------------------------------------------------------------+
; Port Connectivity Checks: "keypad_input:INPUT|shift_reg:shift_reg"                                                                                                     ;
+------+-------+----------+----------------------------------------------------------------------------------------------------------------------------------------------+
; Port ; Type  ; Severity ; Details                                                                                                                                      ;
+------+-------+----------+----------------------------------------------------------------------------------------------------------------------------------------------+
; dir  ; Input ; Warning  ; Declared by entity but not connected by instance. If a default value exists, it will be used.  Otherwise, the port will be connected to GND. ;
+------+-------+----------+----------------------------------------------------------------------------------------------------------------------------------------------+


+--------------------------------------------------------------------------------------------------------------------------------------+
; Port Connectivity Checks: "keypad_input:INPUT|keypad_base:keypad_base|keypad_fsm:keypad_fsm"                                         ;
+-------+--------+----------+----------------------------------------------------------------------------------------------------------+
; Port  ; Type   ; Severity ; Details                                                                                                  ;
+-------+--------+----------+----------------------------------------------------------------------------------------------------------+
; state ; Output ; Warning  ; Declared by entity but not connected by instance. Logic that only feeds a dangling port will be removed. ;
; trig  ; Output ; Warning  ; Declared by entity but not connected by instance. Logic that only feeds a dangling port will be removed. ;
+-------+--------+----------+----------------------------------------------------------------------------------------------------------+


+-------------------------------------------------------------------------------------------------------------------------------------------------------------------------+
; Port Connectivity Checks: "keypad_input:INPUT|keypad_base:keypad_base|clock_div:keypad_clock_divider"                                                                   ;
+-------+-------+----------+----------------------------------------------------------------------------------------------------------------------------------------------+
; Port  ; Type  ; Severity ; Details                                                                                                                                      ;
+-------+-------+----------+----------------------------------------------------------------------------------------------------------------------------------------------+
; reset ; Input ; Warning  ; Declared by entity but not connected by instance. If a default value exists, it will be used.  Otherwise, the port will be connected to GND. ;
+-------+-------+----------+----------------------------------------------------------------------------------------------------------------------------------------------+


+--------------------------------------------------------------------------------------------------------------------------------------------+
; Port Connectivity Checks: "keypad_input:INPUT|keypad_base:keypad_base"                                                                     ;
+-------------+--------+----------+----------------------------------------------------------------------------------------------------------+
; Port        ; Type   ; Severity ; Details                                                                                                  ;
+-------------+--------+----------+----------------------------------------------------------------------------------------------------------+
; slow_clock  ; Output ; Warning  ; Declared by entity but not connected by instance. Logic that only feeds a dangling port will be removed. ;
; sense       ; Output ; Warning  ; Declared by entity but not connected by instance. Logic that only feeds a dangling port will be removed. ;
; valid_digit ; Output ; Warning  ; Declared by entity but not connected by instance. Logic that only feeds a dangling port will be removed. ;
; inv_row     ; Output ; Warning  ; Declared by entity but not connected by instance. Logic that only feeds a dangling port will be removed. ;
+-------------+--------+----------+----------------------------------------------------------------------------------------------------------+


+--------------------------------------------------------------------------------------------------------------------------------------+
; Port Connectivity Checks: "keypad_input:INPUT"                                                                                       ;
+-------+--------+----------+----------------------------------------------------------------------------------------------------------+
; Port  ; Type   ; Severity ; Details                                                                                                  ;
+-------+--------+----------+----------------------------------------------------------------------------------------------------------+
; value ; Output ; Warning  ; Declared by entity but not connected by instance. Logic that only feeds a dangling port will be removed. ;
; trig  ; Output ; Warning  ; Declared by entity but not connected by instance. Logic that only feeds a dangling port will be removed. ;
+-------+--------+----------+----------------------------------------------------------------------------------------------------------+


+-----------------------------------------------------+
; Post-Synthesis Netlist Statistics for Top Partition ;
+-----------------------+-----------------------------+
; Type                  ; Count                       ;
+-----------------------+-----------------------------+
; boundary_port         ; 22                          ;
; cycloneiii_ff         ; 83                          ;
;     CLR               ; 15                          ;
;     ENA               ; 4                           ;
;     SCLR              ; 1                           ;
;     plain             ; 63                          ;
; cycloneiii_lcell_comb ; 167                         ;
;     arith             ; 47                          ;
;         2 data inputs ; 46                          ;
;         3 data inputs ; 1                           ;
;     normal            ; 120                         ;
;         1 data inputs ; 12                          ;
;         2 data inputs ; 24                          ;
;         3 data inputs ; 17                          ;
;         4 data inputs ; 67                          ;
;                       ;                             ;
; Max LUT depth         ; 10.00                       ;
; Average LUT depth     ; 5.15                        ;
+-----------------------+-----------------------------+


+-------------------------------+
; Elapsed Time Per Partition    ;
+----------------+--------------+
; Partition Name ; Elapsed Time ;
+----------------+--------------+
; Top            ; 00:00:00     ;
+----------------+--------------+


+-------------------------------+
; Analysis & Synthesis Messages ;
+-------------------------------+
Info: *******************************************************************
Info: Running Quartus Prime Analysis & Synthesis
    Info: Version 20.1.1 Build 720 11/11/2020 SJ Lite Edition
    Info: Processing started: Sat Apr 20 00:00:40 2024
Info: Command: quartus_map --read_settings_files=on --write_settings_files=off Lab6 -c Lab6
Warning (18236): Number of processors has not been specified which may cause overloading on shared machines.  Set the global assignment NUM_PARALLEL_PROCESSORS in your QSF to an appropriate value for best performance.
Info (20030): Parallel compilation is enabled and will use 16 of the 16 processors detected
Info (12021): Found 1 design units, including 1 entities, in source file lab6.sv
    Info (12023): Found entity 1: Lab6 File: C:/Users/serva/OneDrive/Documents/Classes_Spring_2024/ADL/Lab6/Lab6/Lab6.sv Line: 1
Info (12021): Found 1 design units, including 1 entities, in source file keypad_input.sv
    Info (12023): Found entity 1: keypad_input File: C:/Users/serva/OneDrive/Documents/Classes_Spring_2024/ADL/Lab6/Lab6/keypad_input.sv Line: 1
Info (12021): Found 1 design units, including 1 entities, in source file keypad_base.sv
    Info (12023): Found entity 1: keypad_base File: C:/Users/serva/OneDrive/Documents/Classes_Spring_2024/ADL/Lab6/Lab6/keypad_base.sv Line: 1
Info (12021): Found 1 design units, including 1 entities, in source file clock_div.sv
    Info (12023): Found entity 1: clock_div File: C:/Users/serva/OneDrive/Documents/Classes_Spring_2024/ADL/Lab6/Lab6/clock_div.sv Line: 1
Info (12021): Found 1 design units, including 1 entities, in source file keypad_fsm.sv
    Info (12023): Found entity 1: keypad_fsm File: C:/Users/serva/OneDrive/Documents/Classes_Spring_2024/ADL/Lab6/Lab6/keypad_fsm.sv Line: 1
Info (12021): Found 1 design units, including 1 entities, in source file keypad_decoder.sv
    Info (12023): Found entity 1: keypad_decoder File: C:/Users/serva/OneDrive/Documents/Classes_Spring_2024/ADL/Lab6/Lab6/keypad_decoder.sv Line: 1
Info (12021): Found 1 design units, including 1 entities, in source file shift_reg.sv
    Info (12023): Found entity 1: shift_reg File: C:/Users/serva/OneDrive/Documents/Classes_Spring_2024/ADL/Lab6/Lab6/shift_reg.sv Line: 1
Info (12021): Found 1 design units, including 1 entities, in source file controller.sv
    Info (12023): Found entity 1: Controller File: C:/Users/serva/OneDrive/Documents/Classes_Spring_2024/ADL/Lab6/Lab6/Controller.sv Line: 1
Info (12021): Found 1 design units, including 1 entities, in source file clk_ladder.sv
    Info (12023): Found entity 1: clk_ladder File: C:/Users/serva/OneDrive/Documents/Classes_Spring_2024/ADL/Lab6/Lab6/clk_ladder.sv Line: 1
Info (12021): Found 1 design units, including 1 entities, in source file four2one.sv
    Info (12023): Found entity 1: four2one File: C:/Users/serva/OneDrive/Documents/Classes_Spring_2024/ADL/Lab6/Lab6/four2one.sv Line: 1
Info (12021): Found 1 design units, including 1 entities, in source file fsm.sv
    Info (12023): Found entity 1: FSM File: C:/Users/serva/OneDrive/Documents/Classes_Spring_2024/ADL/Lab6/Lab6/FSM.sv Line: 1
Info (12021): Found 1 design units, including 1 entities, in source file binary2seven.sv
    Info (12023): Found entity 1: binary2seven File: C:/Users/serva/OneDrive/Documents/Classes_Spring_2024/ADL/Lab6/Lab6/binary2seven.sv Line: 1
Info (12127): Elaborating entity "Lab6" for the top level hierarchy
Info (12128): Elaborating entity "keypad_input" for hierarchy "keypad_input:INPUT" File: C:/Users/serva/OneDrive/Documents/Classes_Spring_2024/ADL/Lab6/Lab6/Lab6.sv Line: 19
Info (12128): Elaborating entity "keypad_base" for hierarchy "keypad_input:INPUT|keypad_base:keypad_base" File: C:/Users/serva/OneDrive/Documents/Classes_Spring_2024/ADL/Lab6/Lab6/keypad_input.sv Line: 21
Info (12128): Elaborating entity "clock_div" for hierarchy "keypad_input:INPUT|keypad_base:keypad_base|clock_div:keypad_clock_divider" File: C:/Users/serva/OneDrive/Documents/Classes_Spring_2024/ADL/Lab6/Lab6/keypad_base.sv Line: 21
Info (12128): Elaborating entity "keypad_fsm" for hierarchy "keypad_input:INPUT|keypad_base:keypad_base|keypad_fsm:keypad_fsm" File: C:/Users/serva/OneDrive/Documents/Classes_Spring_2024/ADL/Lab6/Lab6/keypad_base.sv Line: 29
Info (12128): Elaborating entity "keypad_decoder" for hierarchy "keypad_input:INPUT|keypad_base:keypad_base|keypad_decoder:keypad_key_decoder" File: C:/Users/serva/OneDrive/Documents/Classes_Spring_2024/ADL/Lab6/Lab6/keypad_base.sv Line: 38
Warning (10235): Verilog HDL Always Construct warning at keypad_decoder.sv(10): variable "base" is read inside the Always Construct but isn't in the Always Construct's Event Control File: C:/Users/serva/OneDrive/Documents/Classes_Spring_2024/ADL/Lab6/Lab6/keypad_decoder.sv Line: 10
Warning (10235): Verilog HDL Always Construct warning at keypad_decoder.sv(35): variable "base" is read inside the Always Construct but isn't in the Always Construct's Event Control File: C:/Users/serva/OneDrive/Documents/Classes_Spring_2024/ADL/Lab6/Lab6/keypad_decoder.sv Line: 35
Info (12128): Elaborating entity "shift_reg" for hierarchy "keypad_input:INPUT|shift_reg:shift_reg" File: C:/Users/serva/OneDrive/Documents/Classes_Spring_2024/ADL/Lab6/Lab6/keypad_input.sv Line: 29
Info (12128): Elaborating entity "Controller" for hierarchy "Controller:Mux" File: C:/Users/serva/OneDrive/Documents/Classes_Spring_2024/ADL/Lab6/Lab6/Lab6.sv Line: 33
Info (12128): Elaborating entity "clk_ladder" for hierarchy "Controller:Mux|clk_ladder:clock" File: C:/Users/serva/OneDrive/Documents/Classes_Spring_2024/ADL/Lab6/Lab6/Controller.sv Line: 17
Info (12128): Elaborating entity "four2one" for hierarchy "Controller:Mux|four2one:decoder" File: C:/Users/serva/OneDrive/Documents/Classes_Spring_2024/ADL/Lab6/Lab6/Controller.sv Line: 27
Info (12128): Elaborating entity "FSM" for hierarchy "Controller:Mux|FSM:digit" File: C:/Users/serva/OneDrive/Documents/Classes_Spring_2024/ADL/Lab6/Lab6/Controller.sv Line: 35
Info (12128): Elaborating entity "binary2seven" for hierarchy "Controller:Mux|binary2seven:Hex" File: C:/Users/serva/OneDrive/Documents/Classes_Spring_2024/ADL/Lab6/Lab6/Controller.sv Line: 43
Warning (19016): Clock multiplexers are found and protected
    Warning (19017): Found clock multiplexer keypad_input:INPUT|keypad_base:keypad_base|keypad_decoder:keypad_key_decoder|valid File: C:/Users/serva/OneDrive/Documents/Classes_Spring_2024/ADL/Lab6/Lab6/keypad_decoder.sv Line: 8
Warning (19016): Clock multiplexers are found and protected
    Warning (19017): Found clock multiplexer keypad_input:INPUT|keypad_base:keypad_base|keypad_decoder:keypad_key_decoder|WideOr8~0 File: C:/Users/serva/OneDrive/Documents/Classes_Spring_2024/ADL/Lab6/Lab6/keypad_decoder.sv Line: 40
Warning (12241): 6 hierarchies have connectivity warnings - see the Connectivity Checks report folder
Info (286030): Timing-Driven Synthesis is running
Info (17049): 18 registers lost all their fanouts during netlist optimizations.
Info (144001): Generated suppressed messages file C:/Users/serva/OneDrive/Documents/Classes_Spring_2024/ADL/Lab6/Lab6/output_files/Lab6.map.smsg
Info (16010): Generating hard_block partition "hard_block:auto_generated_inst"
    Info (16011): Adding 0 node(s), including 0 DDIO, 0 PLL, 0 transceiver and 0 LCELL
Info (21057): Implemented 222 device resources after synthesis - the final resource count might be different
    Info (21058): Implemented 7 input pins
    Info (21059): Implemented 15 output pins
    Info (21061): Implemented 200 logic cells
Info: Quartus Prime Analysis & Synthesis was successful. 0 errors, 8 warnings
    Info: Peak virtual memory: 4839 megabytes
    Info: Processing ended: Sat Apr 20 00:00:52 2024
    Info: Elapsed time: 00:00:12
    Info: Total CPU time (on all processors): 00:00:16


+------------------------------------------+
; Analysis & Synthesis Suppressed Messages ;
+------------------------------------------+
The suppressed messages can be found in C:/Users/serva/OneDrive/Documents/Classes_Spring_2024/ADL/Lab6/Lab6/output_files/Lab6.map.smsg.


