Analysis & Synthesis report for Lab5
Thu Apr 04 00:04:55 2024
Quartus Prime Version 20.1.1 Build 720 11/11/2020 SJ Lite Edition


---------------------
; Table of Contents ;
---------------------
  1. Legal Notice
  2. Analysis & Synthesis Summary
  3. Analysis & Synthesis Settings
  4. Parallel Compilation
  5. Analysis & Synthesis Source Files Read
  6. Analysis & Synthesis Resource Usage Summary
  7. Analysis & Synthesis Resource Utilization by Entity
  8. State Machine - |Lab5|Divider:DIVIDE|D_Control:DivCtrl|State
  9. User-Specified and Inferred Latches
 10. Registers Removed During Synthesis
 11. General Register Statistics
 12. Multiplexer Restructuring Statistics (Restructuring Performed)
 13. Parameter Settings for User Entity Instance: NBitRegister:DIVIDEND_2
 14. Parameter Settings for User Entity Instance: NBitRegister:DIVIDEND_1
 15. Parameter Settings for User Entity Instance: NBitRegister:DIVISOR
 16. Parameter Settings for User Entity Instance: Divider:DIVIDE|MUX:Mux1
 17. Parameter Settings for User Entity Instance: Divider:DIVIDE|shiftreg:Rreg
 18. Parameter Settings for User Entity Instance: Divider:DIVIDE|shiftreg:Qreg
 19. Parameter Settings for User Entity Instance: Divider:DIVIDE|shiftreg:Dreg
 20. Parameter Settings for User Entity Instance: Divider:DIVIDE|alu:AdSb
 21. Parameter Settings for User Entity Instance: Divider:DIVIDE|D_Control:DivCtrl
 22. Parameter Settings for User Entity Instance: NBitRegister:QUOTIENT
 23. Parameter Settings for User Entity Instance: NBitRegister:REMAINDER
 24. Parameter Settings for User Entity Instance: Controller:Mux|clk_ladder:clock
 25. Port Connectivity Checks: "Controller:Mux|binary2seven:Hex"
 26. Port Connectivity Checks: "Controller:Mux"
 27. Port Connectivity Checks: "Divider:DIVIDE|shiftreg:Dreg"
 28. Port Connectivity Checks: "Divider:DIVIDE|MUX:Mux1"
 29. Post-Synthesis Netlist Statistics for Top Partition
 30. Elapsed Time Per Partition
 31. Analysis & Synthesis Messages
 32. Analysis & Synthesis Suppressed Messages



----------------
; Legal Notice ;
----------------
Copyright (C) 2020  Intel Corporation. All rights reserved.
Your use of Intel Corporation's design tools, logic functions 
and other software and tools, and any partner logic 
functions, and any output files from any of the foregoing 
(including device programming or simulation files), and any 
associated documentation or information are expressly subject 
to the terms and conditions of the Intel Program License 
Subscription Agreement, the Intel Quartus Prime License Agreement,
the Intel FPGA IP License Agreement, or other applicable license
agreement, including, without limitation, that your use is for
the sole purpose of programming logic devices manufactured by
Intel and sold by Intel or its authorized distributors.  Please
refer to the applicable agreement for further details, at
https://fpgasoftware.intel.com/eula.



+----------------------------------------------------------------------------------+
; Analysis & Synthesis Summary                                                     ;
+------------------------------------+---------------------------------------------+
; Analysis & Synthesis Status        ; Successful - Thu Apr 04 00:04:55 2024       ;
; Quartus Prime Version              ; 20.1.1 Build 720 11/11/2020 SJ Lite Edition ;
; Revision Name                      ; Lab5                                        ;
; Top-level Entity Name              ; Lab5                                        ;
; Family                             ; MAX 10                                      ;
; Total logic elements               ; 198                                         ;
;     Total combinational functions  ; 147                                         ;
;     Dedicated logic registers      ; 101                                         ;
; Total registers                    ; 101                                         ;
; Total pins                         ; 22                                          ;
; Total virtual pins                 ; 0                                           ;
; Total memory bits                  ; 0                                           ;
; Embedded Multiplier 9-bit elements ; 0                                           ;
; Total PLLs                         ; 0                                           ;
; UFM blocks                         ; 0                                           ;
; ADC blocks                         ; 0                                           ;
+------------------------------------+---------------------------------------------+


+------------------------------------------------------------------------------------------------------------+
; Analysis & Synthesis Settings                                                                              ;
+------------------------------------------------------------------+--------------------+--------------------+
; Option                                                           ; Setting            ; Default Value      ;
+------------------------------------------------------------------+--------------------+--------------------+
; Device                                                           ; 10M50DAF484C7G     ;                    ;
; Top-level entity name                                            ; Lab5               ; Lab5               ;
; Family name                                                      ; MAX 10             ; Cyclone V          ;
; Use smart compilation                                            ; Off                ; Off                ;
; Enable parallel Assembler and Timing Analyzer during compilation ; On                 ; On                 ;
; Enable compact report table                                      ; Off                ; Off                ;
; Restructure Multiplexers                                         ; Auto               ; Auto               ;
; Create Debugging Nodes for IP Cores                              ; Off                ; Off                ;
; Preserve fewer node names                                        ; On                 ; On                 ;
; Intel FPGA IP Evaluation Mode                                    ; Enable             ; Enable             ;
; Verilog Version                                                  ; Verilog_2001       ; Verilog_2001       ;
; VHDL Version                                                     ; VHDL_1993          ; VHDL_1993          ;
; State Machine Processing                                         ; Auto               ; Auto               ;
; Safe State Machine                                               ; Off                ; Off                ;
; Extract Verilog State Machines                                   ; On                 ; On                 ;
; Extract VHDL State Machines                                      ; On                 ; On                 ;
; Ignore Verilog initial constructs                                ; Off                ; Off                ;
; Iteration limit for constant Verilog loops                       ; 5000               ; 5000               ;
; Iteration limit for non-constant Verilog loops                   ; 250                ; 250                ;
; Add Pass-Through Logic to Inferred RAMs                          ; On                 ; On                 ;
; Infer RAMs from Raw Logic                                        ; On                 ; On                 ;
; Parallel Synthesis                                               ; On                 ; On                 ;
; DSP Block Balancing                                              ; Auto               ; Auto               ;
; NOT Gate Push-Back                                               ; On                 ; On                 ;
; Power-Up Don't Care                                              ; On                 ; On                 ;
; Remove Redundant Logic Cells                                     ; Off                ; Off                ;
; Remove Duplicate Registers                                       ; On                 ; On                 ;
; Ignore CARRY Buffers                                             ; Off                ; Off                ;
; Ignore CASCADE Buffers                                           ; Off                ; Off                ;
; Ignore GLOBAL Buffers                                            ; Off                ; Off                ;
; Ignore ROW GLOBAL Buffers                                        ; Off                ; Off                ;
; Ignore LCELL Buffers                                             ; Off                ; Off                ;
; Ignore SOFT Buffers                                              ; On                 ; On                 ;
; Limit AHDL Integers to 32 Bits                                   ; Off                ; Off                ;
; Optimization Technique                                           ; Balanced           ; Balanced           ;
; Carry Chain Length                                               ; 70                 ; 70                 ;
; Auto Carry Chains                                                ; On                 ; On                 ;
; Auto Open-Drain Pins                                             ; On                 ; On                 ;
; Perform WYSIWYG Primitive Resynthesis                            ; Off                ; Off                ;
; Auto ROM Replacement                                             ; On                 ; On                 ;
; Auto RAM Replacement                                             ; On                 ; On                 ;
; Auto DSP Block Replacement                                       ; On                 ; On                 ;
; Auto Shift Register Replacement                                  ; Auto               ; Auto               ;
; Allow Shift Register Merging across Hierarchies                  ; Auto               ; Auto               ;
; Auto Clock Enable Replacement                                    ; On                 ; On                 ;
; Strict RAM Replacement                                           ; Off                ; Off                ;
; Allow Synchronous Control Signals                                ; On                 ; On                 ;
; Force Use of Synchronous Clear Signals                           ; Off                ; Off                ;
; Auto RAM Block Balancing                                         ; On                 ; On                 ;
; Auto RAM to Logic Cell Conversion                                ; Off                ; Off                ;
; Auto Resource Sharing                                            ; Off                ; Off                ;
; Allow Any RAM Size For Recognition                               ; Off                ; Off                ;
; Allow Any ROM Size For Recognition                               ; Off                ; Off                ;
; Allow Any Shift Register Size For Recognition                    ; Off                ; Off                ;
; Use LogicLock Constraints during Resource Balancing              ; On                 ; On                 ;
; Ignore translate_off and synthesis_off directives                ; Off                ; Off                ;
; Timing-Driven Synthesis                                          ; On                 ; On                 ;
; Report Parameter Settings                                        ; On                 ; On                 ;
; Report Source Assignments                                        ; On                 ; On                 ;
; Report Connectivity Checks                                       ; On                 ; On                 ;
; Ignore Maximum Fan-Out Assignments                               ; Off                ; Off                ;
; Synchronization Register Chain Length                            ; 2                  ; 2                  ;
; Power Optimization During Synthesis                              ; Normal compilation ; Normal compilation ;
; HDL message level                                                ; Level2             ; Level2             ;
; Suppress Register Optimization Related Messages                  ; Off                ; Off                ;
; Number of Removed Registers Reported in Synthesis Report         ; 5000               ; 5000               ;
; Number of Swept Nodes Reported in Synthesis Report               ; 5000               ; 5000               ;
; Number of Inverted Registers Reported in Synthesis Report        ; 100                ; 100                ;
; Clock MUX Protection                                             ; On                 ; On                 ;
; Auto Gated Clock Conversion                                      ; Off                ; Off                ;
; Block Design Naming                                              ; Auto               ; Auto               ;
; SDC constraint protection                                        ; Off                ; Off                ;
; Synthesis Effort                                                 ; Auto               ; Auto               ;
; Shift Register Replacement - Allow Asynchronous Clear Signal     ; On                 ; On                 ;
; Pre-Mapping Resynthesis Optimization                             ; Off                ; Off                ;
; Analysis & Synthesis Message Level                               ; Medium             ; Medium             ;
; Disable Register Merging Across Hierarchies                      ; Auto               ; Auto               ;
; Resource Aware Inference For Block RAM                           ; On                 ; On                 ;
+------------------------------------------------------------------+--------------------+--------------------+


+------------------------------------------+
; Parallel Compilation                     ;
+----------------------------+-------------+
; Processors                 ; Number      ;
+----------------------------+-------------+
; Number detected on machine ; 16          ;
; Maximum allowed            ; 16          ;
;                            ;             ;
; Average used               ; 1.00        ;
; Maximum used               ; 16          ;
;                            ;             ;
; Usage by Processor         ; % Time Used ;
;     Processor 1            ; 100.0%      ;
;     Processor 2            ;   0.0%      ;
;     Processors 3-16        ;   0.0%      ;
+----------------------------+-------------+


+-----------------------------------------------------------------------------------------------------------------------------------------------------------------------------------+
; Analysis & Synthesis Source Files Read                                                                                                                                            ;
+----------------------------------+-----------------+------------------------------+-------------------------------------------------------------------------------------+---------+
; File Name with User-Entered Path ; Used in Netlist ; File Type                    ; File Name with Absolute Path                                                        ; Library ;
+----------------------------------+-----------------+------------------------------+-------------------------------------------------------------------------------------+---------+
; Divider.sv                       ; yes             ; User SystemVerilog HDL File  ; C:/Users/serva/OneDrive/Documents/Classes_Spring_2024/ADL/Lab5/Lab5/Divider.sv      ;         ;
; D_Control.sv                     ; yes             ; User SystemVerilog HDL File  ; C:/Users/serva/OneDrive/Documents/Classes_Spring_2024/ADL/Lab5/Lab5/D_Control.sv    ;         ;
; MUX.sv                           ; yes             ; User SystemVerilog HDL File  ; C:/Users/serva/OneDrive/Documents/Classes_Spring_2024/ADL/Lab5/Lab5/MUX.sv          ;         ;
; shiftreg.sv                      ; yes             ; User SystemVerilog HDL File  ; C:/Users/serva/OneDrive/Documents/Classes_Spring_2024/ADL/Lab5/Lab5/shiftreg.sv     ;         ;
; alu.sv                           ; yes             ; User SystemVerilog HDL File  ; C:/Users/serva/OneDrive/Documents/Classes_Spring_2024/ADL/Lab5/Lab5/alu.sv          ;         ;
; Lab5.sv                          ; yes             ; User SystemVerilog HDL File  ; C:/Users/serva/OneDrive/Documents/Classes_Spring_2024/ADL/Lab5/Lab5/Lab5.sv         ;         ;
; NBitRegister.sv                  ; yes             ; User SystemVerilog HDL File  ; C:/Users/serva/OneDrive/Documents/Classes_Spring_2024/ADL/Lab5/Lab5/NBitRegister.sv ;         ;
; clk_ladder.sv                    ; yes             ; User SystemVerilog HDL File  ; C:/Users/serva/OneDrive/Documents/Classes_Spring_2024/ADL/Lab5/Lab5/clk_ladder.sv   ;         ;
; Controller.sv                    ; yes             ; User SystemVerilog HDL File  ; C:/Users/serva/OneDrive/Documents/Classes_Spring_2024/ADL/Lab5/Lab5/Controller.sv   ;         ;
; four2one.sv                      ; yes             ; User SystemVerilog HDL File  ; C:/Users/serva/OneDrive/Documents/Classes_Spring_2024/ADL/Lab5/Lab5/four2one.sv     ;         ;
; FSM.sv                           ; yes             ; User SystemVerilog HDL File  ; C:/Users/serva/OneDrive/Documents/Classes_Spring_2024/ADL/Lab5/Lab5/FSM.sv          ;         ;
; binary2seven.sv                  ; yes             ; User SystemVerilog HDL File  ; C:/Users/serva/OneDrive/Documents/Classes_Spring_2024/ADL/Lab5/Lab5/binary2seven.sv ;         ;
; StateMachine.sv                  ; yes             ; User SystemVerilog HDL File  ; C:/Users/serva/OneDrive/Documents/Classes_Spring_2024/ADL/Lab5/Lab5/StateMachine.sv ;         ;
+----------------------------------+-----------------+------------------------------+-------------------------------------------------------------------------------------+---------+


+---------------------------------------------------------+
; Analysis & Synthesis Resource Usage Summary             ;
+---------------------------------------------+-----------+
; Resource                                    ; Usage     ;
+---------------------------------------------+-----------+
; Estimated Total logic elements              ; 198       ;
;                                             ;           ;
; Total combinational functions               ; 147       ;
; Logic element usage by number of LUT inputs ;           ;
;     -- 4 input functions                    ; 38        ;
;     -- 3 input functions                    ; 69        ;
;     -- <=2 input functions                  ; 40        ;
;                                             ;           ;
; Logic elements by mode                      ;           ;
;     -- normal mode                          ; 122       ;
;     -- arithmetic mode                      ; 25        ;
;                                             ;           ;
; Total registers                             ; 101       ;
;     -- Dedicated logic registers            ; 101       ;
;     -- I/O registers                        ; 0         ;
;                                             ;           ;
; I/O pins                                    ; 22        ;
;                                             ;           ;
; Embedded Multiplier 9-bit elements          ; 0         ;
;                                             ;           ;
; Maximum fan-out node                        ; CLK~input ;
; Maximum fan-out                             ; 56        ;
; Total fan-out                               ; 763       ;
; Average fan-out                             ; 2.61      ;
+---------------------------------------------+-----------+


+---------------------------------------------------------------------------------------------------------------------------------------------------------------------------------------------------------------------------------------------------------------+
; Analysis & Synthesis Resource Utilization by Entity                                                                                                                                                                                                           ;
+-----------------------------------+---------------------+---------------------------+-------------+------------+--------------+---------+-----------+------+--------------+------------+----------------------------------------+--------------+--------------+
; Compilation Hierarchy Node        ; Combinational ALUTs ; Dedicated Logic Registers ; Memory Bits ; UFM Blocks ; DSP Elements ; DSP 9x9 ; DSP 18x18 ; Pins ; Virtual Pins ; ADC blocks ; Full Hierarchy Name                    ; Entity Name  ; Library Name ;
+-----------------------------------+---------------------+---------------------------+-------------+------------+--------------+---------+-----------+------+--------------+------------+----------------------------------------+--------------+--------------+
; |Lab5                             ; 147 (0)             ; 101 (0)                   ; 0           ; 0          ; 0            ; 0       ; 0         ; 22   ; 0            ; 0          ; |Lab5                                  ; Lab5         ; work         ;
;    |Controller:Mux|               ; 39 (0)              ; 20 (0)                    ; 0           ; 0          ; 0            ; 0       ; 0         ; 0    ; 0            ; 0          ; |Lab5|Controller:Mux                   ; Controller   ; work         ;
;       |FSM:digit|                 ; 6 (6)               ; 2 (2)                     ; 0           ; 0          ; 0            ; 0       ; 0         ; 0    ; 0            ; 0          ; |Lab5|Controller:Mux|FSM:digit         ; FSM          ; work         ;
;       |binary2seven:Hex|          ; 7 (7)               ; 0 (0)                     ; 0           ; 0          ; 0            ; 0       ; 0         ; 0    ; 0            ; 0          ; |Lab5|Controller:Mux|binary2seven:Hex  ; binary2seven ; work         ;
;       |clk_ladder:clock|          ; 18 (18)             ; 18 (18)                   ; 0           ; 0          ; 0            ; 0       ; 0         ; 0    ; 0            ; 0          ; |Lab5|Controller:Mux|clk_ladder:clock  ; clk_ladder   ; work         ;
;       |four2one:decoder|          ; 8 (8)               ; 0 (0)                     ; 0           ; 0          ; 0            ; 0       ; 0         ; 0    ; 0            ; 0          ; |Lab5|Controller:Mux|four2one:decoder  ; four2one     ; work         ;
;    |Divider:DIVIDE|               ; 54 (0)              ; 38 (0)                    ; 0           ; 0          ; 0            ; 0       ; 0         ; 0    ; 0            ; 0          ; |Lab5|Divider:DIVIDE                   ; Divider      ; work         ;
;       |D_Control:DivCtrl|         ; 17 (17)             ; 13 (13)                   ; 0           ; 0          ; 0            ; 0       ; 0         ; 0    ; 0            ; 0          ; |Lab5|Divider:DIVIDE|D_Control:DivCtrl ; D_Control    ; work         ;
;       |MUX:Mux1|                  ; 1 (1)               ; 0 (0)                     ; 0           ; 0          ; 0            ; 0       ; 0         ; 0    ; 0            ; 0          ; |Lab5|Divider:DIVIDE|MUX:Mux1          ; MUX          ; work         ;
;       |alu:AdSb|                  ; 18 (18)             ; 0 (0)                     ; 0           ; 0          ; 0            ; 0       ; 0         ; 0    ; 0            ; 0          ; |Lab5|Divider:DIVIDE|alu:AdSb          ; alu          ; work         ;
;       |shiftreg:Dreg|             ; 0 (0)               ; 8 (8)                     ; 0           ; 0          ; 0            ; 0       ; 0         ; 0    ; 0            ; 0          ; |Lab5|Divider:DIVIDE|shiftreg:Dreg     ; shiftreg     ; work         ;
;       |shiftreg:Qreg|             ; 8 (8)               ; 8 (8)                     ; 0           ; 0          ; 0            ; 0       ; 0         ; 0    ; 0            ; 0          ; |Lab5|Divider:DIVIDE|shiftreg:Qreg     ; shiftreg     ; work         ;
;       |shiftreg:Rreg|             ; 10 (10)             ; 9 (9)                     ; 0           ; 0          ; 0            ; 0       ; 0         ; 0    ; 0            ; 0          ; |Lab5|Divider:DIVIDE|shiftreg:Rreg     ; shiftreg     ; work         ;
;    |NBitRegister:DIVIDEND_1|      ; 0 (0)               ; 8 (8)                     ; 0           ; 0          ; 0            ; 0       ; 0         ; 0    ; 0            ; 0          ; |Lab5|NBitRegister:DIVIDEND_1          ; NBitRegister ; work         ;
;    |NBitRegister:DIVIDEND_2|      ; 0 (0)               ; 8 (8)                     ; 0           ; 0          ; 0            ; 0       ; 0         ; 0    ; 0            ; 0          ; |Lab5|NBitRegister:DIVIDEND_2          ; NBitRegister ; work         ;
;    |NBitRegister:DIVISOR|         ; 0 (0)               ; 8 (8)                     ; 0           ; 0          ; 0            ; 0       ; 0         ; 0    ; 0            ; 0          ; |Lab5|NBitRegister:DIVISOR             ; NBitRegister ; work         ;
;    |NBitRegister:QUOTIENT|        ; 0 (0)               ; 8 (8)                     ; 0           ; 0          ; 0            ; 0       ; 0         ; 0    ; 0            ; 0          ; |Lab5|NBitRegister:QUOTIENT            ; NBitRegister ; work         ;
;    |NBitRegister:REMAINDER|       ; 0 (0)               ; 8 (8)                     ; 0           ; 0          ; 0            ; 0       ; 0         ; 0    ; 0            ; 0          ; |Lab5|NBitRegister:REMAINDER           ; NBitRegister ; work         ;
;    |StateMachine:A_B_Q_R_Display| ; 54 (54)             ; 3 (3)                     ; 0           ; 0          ; 0            ; 0       ; 0         ; 0    ; 0            ; 0          ; |Lab5|StateMachine:A_B_Q_R_Display     ; StateMachine ; work         ;
+-----------------------------------+---------------------+---------------------------+-------------+------------+--------------+---------+-----------+------+--------------+------------+----------------------------------------+--------------+--------------+
Note: For table entries with two numbers listed, the numbers in parentheses indicate the number of resources of the given type used by the specific entity alone. The numbers listed outside of parentheses indicate the total resources of the given type used by the specific entity and all of its sub-entities in the hierarchy.


Encoding Type:  One-Hot
+------------------------------------------------------------------------------------------------------------------------------------------------------------------+
; State Machine - |Lab5|Divider:DIVIDE|D_Control:DivCtrl|State                                                                                                     ;
+---------------+------------+---------------+---------------+---------------+---------------+---------------+------------+-------------+------------+-------------+
; Name          ; State.Ends ; State.Restore ; State.Shifts4 ; State.Shifts3 ; State.Shifts2 ; State.Shifts1 ; State.Subs ; State.Subs1 ; State.Adds ; State.Inits ;
+---------------+------------+---------------+---------------+---------------+---------------+---------------+------------+-------------+------------+-------------+
; State.Inits   ; 0          ; 0             ; 0             ; 0             ; 0             ; 0             ; 0          ; 0           ; 0          ; 0           ;
; State.Adds    ; 0          ; 0             ; 0             ; 0             ; 0             ; 0             ; 0          ; 0           ; 1          ; 1           ;
; State.Subs1   ; 0          ; 0             ; 0             ; 0             ; 0             ; 0             ; 0          ; 1           ; 0          ; 1           ;
; State.Subs    ; 0          ; 0             ; 0             ; 0             ; 0             ; 0             ; 1          ; 0           ; 0          ; 1           ;
; State.Shifts1 ; 0          ; 0             ; 0             ; 0             ; 0             ; 1             ; 0          ; 0           ; 0          ; 1           ;
; State.Shifts2 ; 0          ; 0             ; 0             ; 0             ; 1             ; 0             ; 0          ; 0           ; 0          ; 1           ;
; State.Shifts3 ; 0          ; 0             ; 0             ; 1             ; 0             ; 0             ; 0          ; 0           ; 0          ; 1           ;
; State.Shifts4 ; 0          ; 0             ; 1             ; 0             ; 0             ; 0             ; 0          ; 0           ; 0          ; 1           ;
; State.Restore ; 0          ; 1             ; 0             ; 0             ; 0             ; 0             ; 0          ; 0           ; 0          ; 1           ;
; State.Ends    ; 1          ; 0             ; 0             ; 0             ; 0             ; 0             ; 0          ; 0           ; 0          ; 1           ;
+---------------+------------+---------------+---------------+---------------+---------------+---------------+------------+-------------+------------+-------------+


+-------------------------------------------------------------------------------------------------------------------+
; User-Specified and Inferred Latches                                                                               ;
+-----------------------------------------------------+------------------------------------+------------------------+
; Latch Name                                          ; Latch Enable Signal                ; Free of Timing Hazards ;
+-----------------------------------------------------+------------------------------------+------------------------+
; StateMachine:A_B_Q_R_Display|display[8]             ; StateMachine:A_B_Q_R_Display|Mux21 ; yes                    ;
; StateMachine:A_B_Q_R_Display|display[4]             ; StateMachine:A_B_Q_R_Display|Mux21 ; yes                    ;
; StateMachine:A_B_Q_R_Display|display[0]             ; StateMachine:A_B_Q_R_Display|Mux21 ; yes                    ;
; StateMachine:A_B_Q_R_Display|display[12]            ; StateMachine:A_B_Q_R_Display|Mux21 ; yes                    ;
; StateMachine:A_B_Q_R_Display|display[9]             ; StateMachine:A_B_Q_R_Display|Mux21 ; yes                    ;
; StateMachine:A_B_Q_R_Display|display[5]             ; StateMachine:A_B_Q_R_Display|Mux21 ; yes                    ;
; StateMachine:A_B_Q_R_Display|display[1]             ; StateMachine:A_B_Q_R_Display|Mux21 ; yes                    ;
; StateMachine:A_B_Q_R_Display|display[13]            ; StateMachine:A_B_Q_R_Display|Mux21 ; yes                    ;
; StateMachine:A_B_Q_R_Display|display[6]             ; StateMachine:A_B_Q_R_Display|Mux21 ; yes                    ;
; StateMachine:A_B_Q_R_Display|display[10]            ; StateMachine:A_B_Q_R_Display|Mux21 ; yes                    ;
; StateMachine:A_B_Q_R_Display|display[2]             ; StateMachine:A_B_Q_R_Display|Mux21 ; yes                    ;
; StateMachine:A_B_Q_R_Display|display[14]            ; StateMachine:A_B_Q_R_Display|Mux21 ; yes                    ;
; StateMachine:A_B_Q_R_Display|display[11]            ; StateMachine:A_B_Q_R_Display|Mux21 ; yes                    ;
; StateMachine:A_B_Q_R_Display|display[7]             ; StateMachine:A_B_Q_R_Display|Mux21 ; yes                    ;
; StateMachine:A_B_Q_R_Display|display[3]             ; StateMachine:A_B_Q_R_Display|Mux21 ; yes                    ;
; StateMachine:A_B_Q_R_Display|display[15]            ; StateMachine:A_B_Q_R_Display|Mux21 ; yes                    ;
; StateMachine:A_B_Q_R_Display|ins[0]                 ; StateMachine:A_B_Q_R_Display|Mux21 ; yes                    ;
; StateMachine:A_B_Q_R_Display|nextstate[1]           ; StateMachine:A_B_Q_R_Display|Mux21 ; yes                    ;
; StateMachine:A_B_Q_R_Display|nextstate[0]           ; StateMachine:A_B_Q_R_Display|Mux21 ; yes                    ;
; StateMachine:A_B_Q_R_Display|nextstate[2]           ; StateMachine:A_B_Q_R_Display|Mux21 ; yes                    ;
; StateMachine:A_B_Q_R_Display|ins[2]                 ; StateMachine:A_B_Q_R_Display|Mux21 ; yes                    ;
; StateMachine:A_B_Q_R_Display|ins[1]                 ; StateMachine:A_B_Q_R_Display|Mux21 ; yes                    ;
; StateMachine:A_B_Q_R_Display|ins[3]                 ; StateMachine:A_B_Q_R_Display|Mux21 ; yes                    ;
; Number of user-specified and inferred latches = 23  ;                                    ;                        ;
+-----------------------------------------------------+------------------------------------+------------------------+
Note: All latches listed above may not be present at the end of synthesis due to various synthesis optimizations.


+---------------------------------------------------------------------+
; Registers Removed During Synthesis                                  ;
+------------------------------------------------+--------------------+
; Register name                                  ; Reason for Removal ;
+------------------------------------------------+--------------------+
; Divider:DIVIDE|D_Control:DivCtrl|State~2       ; Lost fanout        ;
; Divider:DIVIDE|D_Control:DivCtrl|State~3       ; Lost fanout        ;
; Divider:DIVIDE|D_Control:DivCtrl|State~4       ; Lost fanout        ;
; Divider:DIVIDE|D_Control:DivCtrl|State~5       ; Lost fanout        ;
; Controller:Mux|clk_ladder:clock|ladder[18..31] ; Lost fanout        ;
; Total Number of Removed Registers = 18         ;                    ;
+------------------------------------------------+--------------------+


+------------------------------------------------------+
; General Register Statistics                          ;
+----------------------------------------------+-------+
; Statistic                                    ; Value ;
+----------------------------------------------+-------+
; Total registers                              ; 101   ;
; Number of registers using Synchronous Clear  ; 1     ;
; Number of registers using Synchronous Load   ; 10    ;
; Number of registers using Asynchronous Clear ; 45    ;
; Number of registers using Asynchronous Load  ; 0     ;
; Number of registers using Clock Enable       ; 27    ;
; Number of registers using Preset             ; 0     ;
+----------------------------------------------+-------+


+----------------------------------------------------------------------------------------------------------------------------------------------------------------+
; Multiplexer Restructuring Statistics (Restructuring Performed)                                                                                                 ;
+--------------------+-----------+---------------+----------------------+------------------------+------------+--------------------------------------------------+
; Multiplexer Inputs ; Bus Width ; Baseline Area ; Area if Restructured ; Saving if Restructured ; Registered ; Example Multiplexer Output                       ;
+--------------------+-----------+---------------+----------------------+------------------------+------------+--------------------------------------------------+
; 3:1                ; 8 bits    ; 16 LEs        ; 8 LEs                ; 8 LEs                  ; Yes        ; |Lab5|Divider:DIVIDE|shiftreg:Qreg|Q[3]          ;
; 4:1                ; 8 bits    ; 16 LEs        ; 16 LEs               ; 0 LEs                  ; Yes        ; |Lab5|Divider:DIVIDE|shiftreg:Rreg|Q[2]          ;
; 4:1                ; 3 bits    ; 6 LEs         ; 3 LEs                ; 3 LEs                  ; Yes        ; |Lab5|Divider:DIVIDE|D_Control:DivCtrl|Count[2]  ;
; 4:1                ; 4 bits    ; 8 LEs         ; 8 LEs                ; 0 LEs                  ; No         ; |Lab5|Controller:Mux|four2one:decoder|Mux1       ;
; 5:1                ; 8 bits    ; 24 LEs        ; 16 LEs               ; 8 LEs                  ; No         ; |Lab5|StateMachine:A_B_Q_R_Display|Mux18         ;
; 5:1                ; 8 bits    ; 24 LEs        ; 16 LEs               ; 8 LEs                  ; No         ; |Lab5|StateMachine:A_B_Q_R_Display|Mux9          ;
; 4:1                ; 2 bits    ; 4 LEs         ; 2 LEs                ; 2 LEs                  ; No         ; |Lab5|Divider:DIVIDE|D_Control:DivCtrl|Selector1 ;
+--------------------+-----------+---------------+----------------------+------------------------+------------+--------------------------------------------------+


+----------------------------------------------------------------------+
; Parameter Settings for User Entity Instance: NBitRegister:DIVIDEND_2 ;
+----------------+-------+---------------------------------------------+
; Parameter Name ; Value ; Type                                        ;
+----------------+-------+---------------------------------------------+
; N              ; 8     ; Signed Integer                              ;
+----------------+-------+---------------------------------------------+
Note: In order to hide this table in the UI and the text report file, please set the "Show Parameter Settings in Synthesis Report" option in "Analysis and Synthesis Settings -> More Settings" to "Off".


+----------------------------------------------------------------------+
; Parameter Settings for User Entity Instance: NBitRegister:DIVIDEND_1 ;
+----------------+-------+---------------------------------------------+
; Parameter Name ; Value ; Type                                        ;
+----------------+-------+---------------------------------------------+
; N              ; 8     ; Signed Integer                              ;
+----------------+-------+---------------------------------------------+
Note: In order to hide this table in the UI and the text report file, please set the "Show Parameter Settings in Synthesis Report" option in "Analysis and Synthesis Settings -> More Settings" to "Off".


+-------------------------------------------------------------------+
; Parameter Settings for User Entity Instance: NBitRegister:DIVISOR ;
+----------------+-------+------------------------------------------+
; Parameter Name ; Value ; Type                                     ;
+----------------+-------+------------------------------------------+
; N              ; 8     ; Signed Integer                           ;
+----------------+-------+------------------------------------------+
Note: In order to hide this table in the UI and the text report file, please set the "Show Parameter Settings in Synthesis Report" option in "Analysis and Synthesis Settings -> More Settings" to "Off".


+----------------------------------------------------------------------+
; Parameter Settings for User Entity Instance: Divider:DIVIDE|MUX:Mux1 ;
+----------------+-------+---------------------------------------------+
; Parameter Name ; Value ; Type                                        ;
+----------------+-------+---------------------------------------------+
; N              ; 9     ; Signed Integer                              ;
+----------------+-------+---------------------------------------------+
Note: In order to hide this table in the UI and the text report file, please set the "Show Parameter Settings in Synthesis Report" option in "Analysis and Synthesis Settings -> More Settings" to "Off".


+---------------------------------------------------------------------------+
; Parameter Settings for User Entity Instance: Divider:DIVIDE|shiftreg:Rreg ;
+----------------+-------+--------------------------------------------------+
; Parameter Name ; Value ; Type                                             ;
+----------------+-------+--------------------------------------------------+
; N              ; 9     ; Signed Integer                                   ;
+----------------+-------+--------------------------------------------------+
Note: In order to hide this table in the UI and the text report file, please set the "Show Parameter Settings in Synthesis Report" option in "Analysis and Synthesis Settings -> More Settings" to "Off".


+---------------------------------------------------------------------------+
; Parameter Settings for User Entity Instance: Divider:DIVIDE|shiftreg:Qreg ;
+----------------+-------+--------------------------------------------------+
; Parameter Name ; Value ; Type                                             ;
+----------------+-------+--------------------------------------------------+
; N              ; 8     ; Signed Integer                                   ;
+----------------+-------+--------------------------------------------------+
Note: In order to hide this table in the UI and the text report file, please set the "Show Parameter Settings in Synthesis Report" option in "Analysis and Synthesis Settings -> More Settings" to "Off".


+---------------------------------------------------------------------------+
; Parameter Settings for User Entity Instance: Divider:DIVIDE|shiftreg:Dreg ;
+----------------+-------+--------------------------------------------------+
; Parameter Name ; Value ; Type                                             ;
+----------------+-------+--------------------------------------------------+
; N              ; 8     ; Signed Integer                                   ;
+----------------+-------+--------------------------------------------------+
Note: In order to hide this table in the UI and the text report file, please set the "Show Parameter Settings in Synthesis Report" option in "Analysis and Synthesis Settings -> More Settings" to "Off".


+----------------------------------------------------------------------+
; Parameter Settings for User Entity Instance: Divider:DIVIDE|alu:AdSb ;
+----------------+-------+---------------------------------------------+
; Parameter Name ; Value ; Type                                        ;
+----------------+-------+---------------------------------------------+
; N              ; 8     ; Signed Integer                              ;
+----------------+-------+---------------------------------------------+
Note: In order to hide this table in the UI and the text report file, please set the "Show Parameter Settings in Synthesis Report" option in "Analysis and Synthesis Settings -> More Settings" to "Off".


+-------------------------------------------------------------------------------+
; Parameter Settings for User Entity Instance: Divider:DIVIDE|D_Control:DivCtrl ;
+----------------+-------+------------------------------------------------------+
; Parameter Name ; Value ; Type                                                 ;
+----------------+-------+------------------------------------------------------+
; Inits          ; 0000  ; Unsigned Binary                                      ;
; Adds           ; 0001  ; Unsigned Binary                                      ;
; Subs1          ; 0010  ; Unsigned Binary                                      ;
; Subs           ; 0011  ; Unsigned Binary                                      ;
; Shifts1        ; 0100  ; Unsigned Binary                                      ;
; Shifts2        ; 0101  ; Unsigned Binary                                      ;
; Shifts3        ; 0110  ; Unsigned Binary                                      ;
; Shifts4        ; 0111  ; Unsigned Binary                                      ;
; Restore        ; 1000  ; Unsigned Binary                                      ;
; Ends           ; 1001  ; Unsigned Binary                                      ;
+----------------+-------+------------------------------------------------------+
Note: In order to hide this table in the UI and the text report file, please set the "Show Parameter Settings in Synthesis Report" option in "Analysis and Synthesis Settings -> More Settings" to "Off".


+--------------------------------------------------------------------+
; Parameter Settings for User Entity Instance: NBitRegister:QUOTIENT ;
+----------------+-------+-------------------------------------------+
; Parameter Name ; Value ; Type                                      ;
+----------------+-------+-------------------------------------------+
; N              ; 8     ; Signed Integer                            ;
+----------------+-------+-------------------------------------------+
Note: In order to hide this table in the UI and the text report file, please set the "Show Parameter Settings in Synthesis Report" option in "Analysis and Synthesis Settings -> More Settings" to "Off".


+---------------------------------------------------------------------+
; Parameter Settings for User Entity Instance: NBitRegister:REMAINDER ;
+----------------+-------+--------------------------------------------+
; Parameter Name ; Value ; Type                                       ;
+----------------+-------+--------------------------------------------+
; N              ; 8     ; Signed Integer                             ;
+----------------+-------+--------------------------------------------+
Note: In order to hide this table in the UI and the text report file, please set the "Show Parameter Settings in Synthesis Report" option in "Analysis and Synthesis Settings -> More Settings" to "Off".


+------------------------------------------------------------------------------+
; Parameter Settings for User Entity Instance: Controller:Mux|clk_ladder:clock ;
+----------------+-------+-----------------------------------------------------+
; Parameter Name ; Value ; Type                                                ;
+----------------+-------+-----------------------------------------------------+
; N              ; 32    ; Signed Integer                                      ;
+----------------+-------+-----------------------------------------------------+
Note: In order to hide this table in the UI and the text report file, please set the "Show Parameter Settings in Synthesis Report" option in "Analysis and Synthesis Settings -> More Settings" to "Off".


+------------------------------------------------------------------------------------------------------------------------------------------------------------------------+
; Port Connectivity Checks: "Controller:Mux|binary2seven:Hex"                                                                                                            ;
+------+-------+----------+----------------------------------------------------------------------------------------------------------------------------------------------+
; Port ; Type  ; Severity ; Details                                                                                                                                      ;
+------+-------+----------+----------------------------------------------------------------------------------------------------------------------------------------------+
; MODE ; Input ; Warning  ; Input port expression (1 bits) is smaller than the input port (4 bits) it drives.  Extra input bit(s) "MODE[3..1]" will be connected to GND. ;
+------+-------+----------+----------------------------------------------------------------------------------------------------------------------------------------------+


+--------------------------------------------+
; Port Connectivity Checks: "Controller:Mux" ;
+------+-------+----------+------------------+
; Port ; Type  ; Severity ; Details          ;
+------+-------+----------+------------------+
; MODE ; Input ; Info     ; Stuck at VCC     ;
+------+-------+----------+------------------+


+----------------------------------------------------------+
; Port Connectivity Checks: "Divider:DIVIDE|shiftreg:Dreg" ;
+-------+-------+----------+-------------------------------+
; Port  ; Type  ; Severity ; Details                       ;
+-------+-------+----------+-------------------------------+
; SH    ; Input ; Info     ; Stuck at GND                  ;
; SerIn ; Input ; Info     ; Stuck at GND                  ;
+-------+-------+----------+-------------------------------+


+-----------------------------------------------------+
; Port Connectivity Checks: "Divider:DIVIDE|MUX:Mux1" ;
+------+-------+----------+---------------------------+
; Port ; Type  ; Severity ; Details                   ;
+------+-------+----------+---------------------------+
; B[8] ; Input ; Info     ; Stuck at GND              ;
+------+-------+----------+---------------------------+


+-----------------------------------------------------+
; Post-Synthesis Netlist Statistics for Top Partition ;
+-----------------------+-----------------------------+
; Type                  ; Count                       ;
+-----------------------+-----------------------------+
; boundary_port         ; 22                          ;
; cycloneiii_ff         ; 101                         ;
;     CLR               ; 45                          ;
;     ENA               ; 17                          ;
;     ENA SCLR          ; 1                           ;
;     ENA SLD           ; 9                           ;
;     SLD               ; 1                           ;
;     plain             ; 28                          ;
; cycloneiii_lcell_comb ; 154                         ;
;     arith             ; 25                          ;
;         2 data inputs ; 15                          ;
;         3 data inputs ; 10                          ;
;     normal            ; 129                         ;
;         1 data inputs ; 11                          ;
;         2 data inputs ; 21                          ;
;         3 data inputs ; 59                          ;
;         4 data inputs ; 38                          ;
;                       ;                             ;
; Max LUT depth         ; 4.00                        ;
; Average LUT depth     ; 2.49                        ;
+-----------------------+-----------------------------+


+-------------------------------+
; Elapsed Time Per Partition    ;
+----------------+--------------+
; Partition Name ; Elapsed Time ;
+----------------+--------------+
; Top            ; 00:00:00     ;
+----------------+--------------+


+-------------------------------+
; Analysis & Synthesis Messages ;
+-------------------------------+
Info: *******************************************************************
Info: Running Quartus Prime Analysis & Synthesis
    Info: Version 20.1.1 Build 720 11/11/2020 SJ Lite Edition
    Info: Processing started: Thu Apr 04 00:04:48 2024
Info: Command: quartus_map --read_settings_files=on --write_settings_files=off Lab5 -c Lab5
Warning (18236): Number of processors has not been specified which may cause overloading on shared machines.  Set the global assignment NUM_PARALLEL_PROCESSORS in your QSF to an appropriate value for best performance.
Info (20030): Parallel compilation is enabled and will use 16 of the 16 processors detected
Info (12021): Found 1 design units, including 1 entities, in source file divider.sv
    Info (12023): Found entity 1: Divider File: C:/Users/serva/OneDrive/Documents/Classes_Spring_2024/ADL/Lab5/Lab5/Divider.sv Line: 1
Info (12021): Found 1 design units, including 1 entities, in source file d_control.sv
    Info (12023): Found entity 1: D_Control File: C:/Users/serva/OneDrive/Documents/Classes_Spring_2024/ADL/Lab5/Lab5/D_Control.sv Line: 1
Warning (12090): Entity "MUX" obtained from "MUX.sv" instead of from Quartus Prime megafunction library File: C:/Users/serva/OneDrive/Documents/Classes_Spring_2024/ADL/Lab5/Lab5/MUX.sv Line: 1
Info (12021): Found 1 design units, including 1 entities, in source file mux.sv
    Info (12023): Found entity 1: MUX File: C:/Users/serva/OneDrive/Documents/Classes_Spring_2024/ADL/Lab5/Lab5/MUX.sv Line: 1
Info (12021): Found 1 design units, including 1 entities, in source file shiftreg.sv
    Info (12023): Found entity 1: shiftreg File: C:/Users/serva/OneDrive/Documents/Classes_Spring_2024/ADL/Lab5/Lab5/shiftreg.sv Line: 1
Info (12021): Found 1 design units, including 1 entities, in source file alu.sv
    Info (12023): Found entity 1: alu File: C:/Users/serva/OneDrive/Documents/Classes_Spring_2024/ADL/Lab5/Lab5/alu.sv Line: 1
Info (12021): Found 1 design units, including 1 entities, in source file lab5.sv
    Info (12023): Found entity 1: Lab5 File: C:/Users/serva/OneDrive/Documents/Classes_Spring_2024/ADL/Lab5/Lab5/Lab5.sv Line: 1
Info (12021): Found 1 design units, including 1 entities, in source file nbitregister.sv
    Info (12023): Found entity 1: NBitRegister File: C:/Users/serva/OneDrive/Documents/Classes_Spring_2024/ADL/Lab5/Lab5/NBitRegister.sv Line: 1
Info (12021): Found 1 design units, including 1 entities, in source file clk_ladder.sv
    Info (12023): Found entity 1: clk_ladder File: C:/Users/serva/OneDrive/Documents/Classes_Spring_2024/ADL/Lab5/Lab5/clk_ladder.sv Line: 1
Info (12021): Found 1 design units, including 1 entities, in source file controller.sv
    Info (12023): Found entity 1: Controller File: C:/Users/serva/OneDrive/Documents/Classes_Spring_2024/ADL/Lab5/Lab5/Controller.sv Line: 1
Info (12021): Found 1 design units, including 1 entities, in source file four2one.sv
    Info (12023): Found entity 1: four2one File: C:/Users/serva/OneDrive/Documents/Classes_Spring_2024/ADL/Lab5/Lab5/four2one.sv Line: 1
Info (12021): Found 1 design units, including 1 entities, in source file fsm.sv
    Info (12023): Found entity 1: FSM File: C:/Users/serva/OneDrive/Documents/Classes_Spring_2024/ADL/Lab5/Lab5/FSM.sv Line: 1
Info (12021): Found 1 design units, including 1 entities, in source file binary2seven.sv
    Info (12023): Found entity 1: binary2seven File: C:/Users/serva/OneDrive/Documents/Classes_Spring_2024/ADL/Lab5/Lab5/binary2seven.sv Line: 1
Info (12021): Found 1 design units, including 1 entities, in source file statemachine.sv
    Info (12023): Found entity 1: StateMachine File: C:/Users/serva/OneDrive/Documents/Classes_Spring_2024/ADL/Lab5/Lab5/StateMachine.sv Line: 1
Info (12127): Elaborating entity "Lab5" for the top level hierarchy
Info (12128): Elaborating entity "StateMachine" for hierarchy "StateMachine:A_B_Q_R_Display" File: C:/Users/serva/OneDrive/Documents/Classes_Spring_2024/ADL/Lab5/Lab5/Lab5.sv Line: 27
Warning (10235): Verilog HDL Always Construct warning at StateMachine.sv(18): variable "A" is read inside the Always Construct but isn't in the Always Construct's Event Control File: C:/Users/serva/OneDrive/Documents/Classes_Spring_2024/ADL/Lab5/Lab5/StateMachine.sv Line: 18
Warning (10235): Verilog HDL Always Construct warning at StateMachine.sv(19): variable "A" is read inside the Always Construct but isn't in the Always Construct's Event Control File: C:/Users/serva/OneDrive/Documents/Classes_Spring_2024/ADL/Lab5/Lab5/StateMachine.sv Line: 19
Warning (10235): Verilog HDL Always Construct warning at StateMachine.sv(20): variable "B" is read inside the Always Construct but isn't in the Always Construct's Event Control File: C:/Users/serva/OneDrive/Documents/Classes_Spring_2024/ADL/Lab5/Lab5/StateMachine.sv Line: 20
Warning (10235): Verilog HDL Always Construct warning at StateMachine.sv(21): variable "Q_R" is read inside the Always Construct but isn't in the Always Construct's Event Control File: C:/Users/serva/OneDrive/Documents/Classes_Spring_2024/ADL/Lab5/Lab5/StateMachine.sv Line: 21
Warning (10270): Verilog HDL Case Statement warning at StateMachine.sv(16): incomplete case statement has no default case item File: C:/Users/serva/OneDrive/Documents/Classes_Spring_2024/ADL/Lab5/Lab5/StateMachine.sv Line: 16
Warning (10240): Verilog HDL Always Construct warning at StateMachine.sv(15): inferring latch(es) for variable "nextstate", which holds its previous value in one or more paths through the always construct File: C:/Users/serva/OneDrive/Documents/Classes_Spring_2024/ADL/Lab5/Lab5/StateMachine.sv Line: 15
Warning (10240): Verilog HDL Always Construct warning at StateMachine.sv(15): inferring latch(es) for variable "display", which holds its previous value in one or more paths through the always construct File: C:/Users/serva/OneDrive/Documents/Classes_Spring_2024/ADL/Lab5/Lab5/StateMachine.sv Line: 15
Warning (10240): Verilog HDL Always Construct warning at StateMachine.sv(15): inferring latch(es) for variable "ins", which holds its previous value in one or more paths through the always construct File: C:/Users/serva/OneDrive/Documents/Classes_Spring_2024/ADL/Lab5/Lab5/StateMachine.sv Line: 15
Info (10041): Inferred latch for "ins[0]" at StateMachine.sv(15) File: C:/Users/serva/OneDrive/Documents/Classes_Spring_2024/ADL/Lab5/Lab5/StateMachine.sv Line: 15
Info (10041): Inferred latch for "ins[1]" at StateMachine.sv(15) File: C:/Users/serva/OneDrive/Documents/Classes_Spring_2024/ADL/Lab5/Lab5/StateMachine.sv Line: 15
Info (10041): Inferred latch for "ins[2]" at StateMachine.sv(15) File: C:/Users/serva/OneDrive/Documents/Classes_Spring_2024/ADL/Lab5/Lab5/StateMachine.sv Line: 15
Info (10041): Inferred latch for "ins[3]" at StateMachine.sv(15) File: C:/Users/serva/OneDrive/Documents/Classes_Spring_2024/ADL/Lab5/Lab5/StateMachine.sv Line: 15
Info (10041): Inferred latch for "display[0]" at StateMachine.sv(15) File: C:/Users/serva/OneDrive/Documents/Classes_Spring_2024/ADL/Lab5/Lab5/StateMachine.sv Line: 15
Info (10041): Inferred latch for "display[1]" at StateMachine.sv(15) File: C:/Users/serva/OneDrive/Documents/Classes_Spring_2024/ADL/Lab5/Lab5/StateMachine.sv Line: 15
Info (10041): Inferred latch for "display[2]" at StateMachine.sv(15) File: C:/Users/serva/OneDrive/Documents/Classes_Spring_2024/ADL/Lab5/Lab5/StateMachine.sv Line: 15
Info (10041): Inferred latch for "display[3]" at StateMachine.sv(15) File: C:/Users/serva/OneDrive/Documents/Classes_Spring_2024/ADL/Lab5/Lab5/StateMachine.sv Line: 15
Info (10041): Inferred latch for "display[4]" at StateMachine.sv(15) File: C:/Users/serva/OneDrive/Documents/Classes_Spring_2024/ADL/Lab5/Lab5/StateMachine.sv Line: 15
Info (10041): Inferred latch for "display[5]" at StateMachine.sv(15) File: C:/Users/serva/OneDrive/Documents/Classes_Spring_2024/ADL/Lab5/Lab5/StateMachine.sv Line: 15
Info (10041): Inferred latch for "display[6]" at StateMachine.sv(15) File: C:/Users/serva/OneDrive/Documents/Classes_Spring_2024/ADL/Lab5/Lab5/StateMachine.sv Line: 15
Info (10041): Inferred latch for "display[7]" at StateMachine.sv(15) File: C:/Users/serva/OneDrive/Documents/Classes_Spring_2024/ADL/Lab5/Lab5/StateMachine.sv Line: 15
Info (10041): Inferred latch for "display[8]" at StateMachine.sv(15) File: C:/Users/serva/OneDrive/Documents/Classes_Spring_2024/ADL/Lab5/Lab5/StateMachine.sv Line: 15
Info (10041): Inferred latch for "display[9]" at StateMachine.sv(15) File: C:/Users/serva/OneDrive/Documents/Classes_Spring_2024/ADL/Lab5/Lab5/StateMachine.sv Line: 15
Info (10041): Inferred latch for "display[10]" at StateMachine.sv(15) File: C:/Users/serva/OneDrive/Documents/Classes_Spring_2024/ADL/Lab5/Lab5/StateMachine.sv Line: 15
Info (10041): Inferred latch for "display[11]" at StateMachine.sv(15) File: C:/Users/serva/OneDrive/Documents/Classes_Spring_2024/ADL/Lab5/Lab5/StateMachine.sv Line: 15
Info (10041): Inferred latch for "display[12]" at StateMachine.sv(15) File: C:/Users/serva/OneDrive/Documents/Classes_Spring_2024/ADL/Lab5/Lab5/StateMachine.sv Line: 15
Info (10041): Inferred latch for "display[13]" at StateMachine.sv(15) File: C:/Users/serva/OneDrive/Documents/Classes_Spring_2024/ADL/Lab5/Lab5/StateMachine.sv Line: 15
Info (10041): Inferred latch for "display[14]" at StateMachine.sv(15) File: C:/Users/serva/OneDrive/Documents/Classes_Spring_2024/ADL/Lab5/Lab5/StateMachine.sv Line: 15
Info (10041): Inferred latch for "display[15]" at StateMachine.sv(15) File: C:/Users/serva/OneDrive/Documents/Classes_Spring_2024/ADL/Lab5/Lab5/StateMachine.sv Line: 15
Info (10041): Inferred latch for "nextstate[0]" at StateMachine.sv(15) File: C:/Users/serva/OneDrive/Documents/Classes_Spring_2024/ADL/Lab5/Lab5/StateMachine.sv Line: 15
Info (10041): Inferred latch for "nextstate[1]" at StateMachine.sv(15) File: C:/Users/serva/OneDrive/Documents/Classes_Spring_2024/ADL/Lab5/Lab5/StateMachine.sv Line: 15
Info (10041): Inferred latch for "nextstate[2]" at StateMachine.sv(15) File: C:/Users/serva/OneDrive/Documents/Classes_Spring_2024/ADL/Lab5/Lab5/StateMachine.sv Line: 15
Info (12128): Elaborating entity "NBitRegister" for hierarchy "NBitRegister:DIVIDEND_2" File: C:/Users/serva/OneDrive/Documents/Classes_Spring_2024/ADL/Lab5/Lab5/Lab5.sv Line: 35
Info (12128): Elaborating entity "Divider" for hierarchy "Divider:DIVIDE" File: C:/Users/serva/OneDrive/Documents/Classes_Spring_2024/ADL/Lab5/Lab5/Lab5.sv Line: 63
Info (12128): Elaborating entity "MUX" for hierarchy "Divider:DIVIDE|MUX:Mux1" File: C:/Users/serva/OneDrive/Documents/Classes_Spring_2024/ADL/Lab5/Lab5/Divider.sv Line: 30
Info (12128): Elaborating entity "shiftreg" for hierarchy "Divider:DIVIDE|shiftreg:Rreg" File: C:/Users/serva/OneDrive/Documents/Classes_Spring_2024/ADL/Lab5/Lab5/Divider.sv Line: 32
Info (12128): Elaborating entity "shiftreg" for hierarchy "Divider:DIVIDE|shiftreg:Qreg" File: C:/Users/serva/OneDrive/Documents/Classes_Spring_2024/ADL/Lab5/Lab5/Divider.sv Line: 33
Info (12128): Elaborating entity "alu" for hierarchy "Divider:DIVIDE|alu:AdSb" File: C:/Users/serva/OneDrive/Documents/Classes_Spring_2024/ADL/Lab5/Lab5/Divider.sv Line: 36
Info (12128): Elaborating entity "D_Control" for hierarchy "Divider:DIVIDE|D_Control:DivCtrl" File: C:/Users/serva/OneDrive/Documents/Classes_Spring_2024/ADL/Lab5/Lab5/Divider.sv Line: 38
Warning (10230): Verilog HDL assignment warning at D_Control.sv(51): truncated value with size 32 to match size of target (3) File: C:/Users/serva/OneDrive/Documents/Classes_Spring_2024/ADL/Lab5/Lab5/D_Control.sv Line: 51
Info (12128): Elaborating entity "Controller" for hierarchy "Controller:Mux" File: C:/Users/serva/OneDrive/Documents/Classes_Spring_2024/ADL/Lab5/Lab5/Lab5.sv Line: 92
Info (12128): Elaborating entity "clk_ladder" for hierarchy "Controller:Mux|clk_ladder:clock" File: C:/Users/serva/OneDrive/Documents/Classes_Spring_2024/ADL/Lab5/Lab5/Controller.sv Line: 17
Info (12128): Elaborating entity "four2one" for hierarchy "Controller:Mux|four2one:decoder" File: C:/Users/serva/OneDrive/Documents/Classes_Spring_2024/ADL/Lab5/Lab5/Controller.sv Line: 27
Info (12128): Elaborating entity "FSM" for hierarchy "Controller:Mux|FSM:digit" File: C:/Users/serva/OneDrive/Documents/Classes_Spring_2024/ADL/Lab5/Lab5/Controller.sv Line: 35
Info (12128): Elaborating entity "binary2seven" for hierarchy "Controller:Mux|binary2seven:Hex" File: C:/Users/serva/OneDrive/Documents/Classes_Spring_2024/ADL/Lab5/Lab5/Controller.sv Line: 43
Warning (12241): 1 hierarchies have connectivity warnings - see the Connectivity Checks report folder
Warning (13012): Latch StateMachine:A_B_Q_R_Display|display[8] has unsafe behavior File: C:/Users/serva/OneDrive/Documents/Classes_Spring_2024/ADL/Lab5/Lab5/StateMachine.sv Line: 15
    Warning (13013): Ports D and ENA on the latch are fed by the same signal StateMachine:A_B_Q_R_Display|state[2] File: C:/Users/serva/OneDrive/Documents/Classes_Spring_2024/ADL/Lab5/Lab5/StateMachine.sv Line: 13
Warning (13012): Latch StateMachine:A_B_Q_R_Display|display[4] has unsafe behavior File: C:/Users/serva/OneDrive/Documents/Classes_Spring_2024/ADL/Lab5/Lab5/StateMachine.sv Line: 15
    Warning (13013): Ports D and ENA on the latch are fed by the same signal StateMachine:A_B_Q_R_Display|state[2] File: C:/Users/serva/OneDrive/Documents/Classes_Spring_2024/ADL/Lab5/Lab5/StateMachine.sv Line: 13
Warning (13012): Latch StateMachine:A_B_Q_R_Display|display[0] has unsafe behavior File: C:/Users/serva/OneDrive/Documents/Classes_Spring_2024/ADL/Lab5/Lab5/StateMachine.sv Line: 15
    Warning (13013): Ports D and ENA on the latch are fed by the same signal StateMachine:A_B_Q_R_Display|state[2] File: C:/Users/serva/OneDrive/Documents/Classes_Spring_2024/ADL/Lab5/Lab5/StateMachine.sv Line: 13
Warning (13012): Latch StateMachine:A_B_Q_R_Display|display[12] has unsafe behavior File: C:/Users/serva/OneDrive/Documents/Classes_Spring_2024/ADL/Lab5/Lab5/StateMachine.sv Line: 15
    Warning (13013): Ports D and ENA on the latch are fed by the same signal StateMachine:A_B_Q_R_Display|state[2] File: C:/Users/serva/OneDrive/Documents/Classes_Spring_2024/ADL/Lab5/Lab5/StateMachine.sv Line: 13
Warning (13012): Latch StateMachine:A_B_Q_R_Display|display[9] has unsafe behavior File: C:/Users/serva/OneDrive/Documents/Classes_Spring_2024/ADL/Lab5/Lab5/StateMachine.sv Line: 15
    Warning (13013): Ports D and ENA on the latch are fed by the same signal StateMachine:A_B_Q_R_Display|state[2] File: C:/Users/serva/OneDrive/Documents/Classes_Spring_2024/ADL/Lab5/Lab5/StateMachine.sv Line: 13
Warning (13012): Latch StateMachine:A_B_Q_R_Display|display[5] has unsafe behavior File: C:/Users/serva/OneDrive/Documents/Classes_Spring_2024/ADL/Lab5/Lab5/StateMachine.sv Line: 15
    Warning (13013): Ports D and ENA on the latch are fed by the same signal StateMachine:A_B_Q_R_Display|state[2] File: C:/Users/serva/OneDrive/Documents/Classes_Spring_2024/ADL/Lab5/Lab5/StateMachine.sv Line: 13
Warning (13012): Latch StateMachine:A_B_Q_R_Display|display[1] has unsafe behavior File: C:/Users/serva/OneDrive/Documents/Classes_Spring_2024/ADL/Lab5/Lab5/StateMachine.sv Line: 15
    Warning (13013): Ports D and ENA on the latch are fed by the same signal StateMachine:A_B_Q_R_Display|state[2] File: C:/Users/serva/OneDrive/Documents/Classes_Spring_2024/ADL/Lab5/Lab5/StateMachine.sv Line: 13
Warning (13012): Latch StateMachine:A_B_Q_R_Display|display[13] has unsafe behavior File: C:/Users/serva/OneDrive/Documents/Classes_Spring_2024/ADL/Lab5/Lab5/StateMachine.sv Line: 15
    Warning (13013): Ports D and ENA on the latch are fed by the same signal StateMachine:A_B_Q_R_Display|state[2] File: C:/Users/serva/OneDrive/Documents/Classes_Spring_2024/ADL/Lab5/Lab5/StateMachine.sv Line: 13
Warning (13012): Latch StateMachine:A_B_Q_R_Display|display[6] has unsafe behavior File: C:/Users/serva/OneDrive/Documents/Classes_Spring_2024/ADL/Lab5/Lab5/StateMachine.sv Line: 15
    Warning (13013): Ports D and ENA on the latch are fed by the same signal StateMachine:A_B_Q_R_Display|state[2] File: C:/Users/serva/OneDrive/Documents/Classes_Spring_2024/ADL/Lab5/Lab5/StateMachine.sv Line: 13
Warning (13012): Latch StateMachine:A_B_Q_R_Display|display[10] has unsafe behavior File: C:/Users/serva/OneDrive/Documents/Classes_Spring_2024/ADL/Lab5/Lab5/StateMachine.sv Line: 15
    Warning (13013): Ports D and ENA on the latch are fed by the same signal StateMachine:A_B_Q_R_Display|state[2] File: C:/Users/serva/OneDrive/Documents/Classes_Spring_2024/ADL/Lab5/Lab5/StateMachine.sv Line: 13
Warning (13012): Latch StateMachine:A_B_Q_R_Display|display[2] has unsafe behavior File: C:/Users/serva/OneDrive/Documents/Classes_Spring_2024/ADL/Lab5/Lab5/StateMachine.sv Line: 15
    Warning (13013): Ports D and ENA on the latch are fed by the same signal StateMachine:A_B_Q_R_Display|state[2] File: C:/Users/serva/OneDrive/Documents/Classes_Spring_2024/ADL/Lab5/Lab5/StateMachine.sv Line: 13
Warning (13012): Latch StateMachine:A_B_Q_R_Display|display[14] has unsafe behavior File: C:/Users/serva/OneDrive/Documents/Classes_Spring_2024/ADL/Lab5/Lab5/StateMachine.sv Line: 15
    Warning (13013): Ports D and ENA on the latch are fed by the same signal StateMachine:A_B_Q_R_Display|state[2] File: C:/Users/serva/OneDrive/Documents/Classes_Spring_2024/ADL/Lab5/Lab5/StateMachine.sv Line: 13
Warning (13012): Latch StateMachine:A_B_Q_R_Display|display[11] has unsafe behavior File: C:/Users/serva/OneDrive/Documents/Classes_Spring_2024/ADL/Lab5/Lab5/StateMachine.sv Line: 15
    Warning (13013): Ports D and ENA on the latch are fed by the same signal StateMachine:A_B_Q_R_Display|state[2] File: C:/Users/serva/OneDrive/Documents/Classes_Spring_2024/ADL/Lab5/Lab5/StateMachine.sv Line: 13
Warning (13012): Latch StateMachine:A_B_Q_R_Display|display[7] has unsafe behavior File: C:/Users/serva/OneDrive/Documents/Classes_Spring_2024/ADL/Lab5/Lab5/StateMachine.sv Line: 15
    Warning (13013): Ports D and ENA on the latch are fed by the same signal StateMachine:A_B_Q_R_Display|state[2] File: C:/Users/serva/OneDrive/Documents/Classes_Spring_2024/ADL/Lab5/Lab5/StateMachine.sv Line: 13
Warning (13012): Latch StateMachine:A_B_Q_R_Display|display[3] has unsafe behavior File: C:/Users/serva/OneDrive/Documents/Classes_Spring_2024/ADL/Lab5/Lab5/StateMachine.sv Line: 15
    Warning (13013): Ports D and ENA on the latch are fed by the same signal StateMachine:A_B_Q_R_Display|state[2] File: C:/Users/serva/OneDrive/Documents/Classes_Spring_2024/ADL/Lab5/Lab5/StateMachine.sv Line: 13
Warning (13012): Latch StateMachine:A_B_Q_R_Display|display[15] has unsafe behavior File: C:/Users/serva/OneDrive/Documents/Classes_Spring_2024/ADL/Lab5/Lab5/StateMachine.sv Line: 15
    Warning (13013): Ports D and ENA on the latch are fed by the same signal StateMachine:A_B_Q_R_Display|state[2] File: C:/Users/serva/OneDrive/Documents/Classes_Spring_2024/ADL/Lab5/Lab5/StateMachine.sv Line: 13
Warning (13012): Latch StateMachine:A_B_Q_R_Display|ins[0] has unsafe behavior File: C:/Users/serva/OneDrive/Documents/Classes_Spring_2024/ADL/Lab5/Lab5/StateMachine.sv Line: 15
    Warning (13013): Ports D and ENA on the latch are fed by the same signal StateMachine:A_B_Q_R_Display|state[1] File: C:/Users/serva/OneDrive/Documents/Classes_Spring_2024/ADL/Lab5/Lab5/StateMachine.sv Line: 13
Warning (13012): Latch StateMachine:A_B_Q_R_Display|nextstate[1] has unsafe behavior File: C:/Users/serva/OneDrive/Documents/Classes_Spring_2024/ADL/Lab5/Lab5/StateMachine.sv Line: 15
    Warning (13013): Ports D and ENA on the latch are fed by the same signal StateMachine:A_B_Q_R_Display|state[1] File: C:/Users/serva/OneDrive/Documents/Classes_Spring_2024/ADL/Lab5/Lab5/StateMachine.sv Line: 13
Warning (13012): Latch StateMachine:A_B_Q_R_Display|nextstate[0] has unsafe behavior File: C:/Users/serva/OneDrive/Documents/Classes_Spring_2024/ADL/Lab5/Lab5/StateMachine.sv Line: 15
    Warning (13013): Ports D and ENA on the latch are fed by the same signal StateMachine:A_B_Q_R_Display|state[2] File: C:/Users/serva/OneDrive/Documents/Classes_Spring_2024/ADL/Lab5/Lab5/StateMachine.sv Line: 13
Warning (13012): Latch StateMachine:A_B_Q_R_Display|nextstate[2] has unsafe behavior File: C:/Users/serva/OneDrive/Documents/Classes_Spring_2024/ADL/Lab5/Lab5/StateMachine.sv Line: 15
    Warning (13013): Ports D and ENA on the latch are fed by the same signal StateMachine:A_B_Q_R_Display|state[2] File: C:/Users/serva/OneDrive/Documents/Classes_Spring_2024/ADL/Lab5/Lab5/StateMachine.sv Line: 13
Warning (13012): Latch StateMachine:A_B_Q_R_Display|ins[2] has unsafe behavior File: C:/Users/serva/OneDrive/Documents/Classes_Spring_2024/ADL/Lab5/Lab5/StateMachine.sv Line: 15
    Warning (13013): Ports D and ENA on the latch are fed by the same signal StateMachine:A_B_Q_R_Display|state[1] File: C:/Users/serva/OneDrive/Documents/Classes_Spring_2024/ADL/Lab5/Lab5/StateMachine.sv Line: 13
Warning (13012): Latch StateMachine:A_B_Q_R_Display|ins[1] has unsafe behavior File: C:/Users/serva/OneDrive/Documents/Classes_Spring_2024/ADL/Lab5/Lab5/StateMachine.sv Line: 15
    Warning (13013): Ports D and ENA on the latch are fed by the same signal StateMachine:A_B_Q_R_Display|state[1] File: C:/Users/serva/OneDrive/Documents/Classes_Spring_2024/ADL/Lab5/Lab5/StateMachine.sv Line: 13
Warning (13012): Latch StateMachine:A_B_Q_R_Display|ins[3] has unsafe behavior File: C:/Users/serva/OneDrive/Documents/Classes_Spring_2024/ADL/Lab5/Lab5/StateMachine.sv Line: 15
    Warning (13013): Ports D and ENA on the latch are fed by the same signal StateMachine:A_B_Q_R_Display|state[2] File: C:/Users/serva/OneDrive/Documents/Classes_Spring_2024/ADL/Lab5/Lab5/StateMachine.sv Line: 13
Info (286030): Timing-Driven Synthesis is running
Info (17049): 18 registers lost all their fanouts during netlist optimizations.
Info (144001): Generated suppressed messages file C:/Users/serva/OneDrive/Documents/Classes_Spring_2024/ADL/Lab5/Lab5/output_files/Lab5.map.smsg
Info (16010): Generating hard_block partition "hard_block:auto_generated_inst"
    Info (16011): Adding 0 node(s), including 0 DDIO, 0 PLL, 0 transceiver and 0 LCELL
Info (21057): Implemented 223 device resources after synthesis - the final resource count might be different
    Info (21058): Implemented 11 input pins
    Info (21059): Implemented 11 output pins
    Info (21061): Implemented 201 logic cells
Info: Quartus Prime Analysis & Synthesis was successful. 0 errors, 58 warnings
    Info: Peak virtual memory: 4839 megabytes
    Info: Processing ended: Thu Apr 04 00:04:55 2024
    Info: Elapsed time: 00:00:07
    Info: Total CPU time (on all processors): 00:00:11


+------------------------------------------+
; Analysis & Synthesis Suppressed Messages ;
+------------------------------------------+
The suppressed messages can be found in C:/Users/serva/OneDrive/Documents/Classes_Spring_2024/ADL/Lab5/Lab5/output_files/Lab5.map.smsg.


