Analysis & Synthesis report for Lab3
Tue Feb 20 16:42:38 2024
Quartus Prime Version 20.1.1 Build 720 11/11/2020 SJ Lite Edition


---------------------
; Table of Contents ;
---------------------
  1. Legal Notice
  2. Analysis & Synthesis Summary
  3. Analysis & Synthesis Settings
  4. Parallel Compilation
  5. Analysis & Synthesis Source Files Read
  6. Analysis & Synthesis Resource Usage Summary
  7. Analysis & Synthesis Resource Utilization by Entity
  8. General Register Statistics
  9. Multiplexer Restructuring Statistics (Restructuring Performed)
 10. Parameter Settings for User Entity Instance: NBitRegister:regA
 11. Parameter Settings for User Entity Instance: NBitRegister:regB
 12. Parameter Settings for User Entity Instance: NBitRegister:regR
 13. Parameter Settings for User Entity Instance: divideXN:CLK190
 14. Parameter Settings for User Entity Instance: NBitRegister:regCC
 15. Port Connectivity Checks: "Controller:Mux|binary2seven:Hex"
 16. Port Connectivity Checks: "Controller:Mux"
 17. Port Connectivity Checks: "divideXN:CLK190"
 18. Port Connectivity Checks: "GCLA_AddSub:attempt|FourBit_CLA:GCLA4_1stStage"
 19. Post-Synthesis Netlist Statistics for Top Partition
 20. Elapsed Time Per Partition
 21. Analysis & Synthesis Messages
 22. Analysis & Synthesis Suppressed Messages



----------------
; Legal Notice ;
----------------
Copyright (C) 2020  Intel Corporation. All rights reserved.
Your use of Intel Corporation's design tools, logic functions 
and other software and tools, and any partner logic 
functions, and any output files from any of the foregoing 
(including device programming or simulation files), and any 
associated documentation or information are expressly subject 
to the terms and conditions of the Intel Program License 
Subscription Agreement, the Intel Quartus Prime License Agreement,
the Intel FPGA IP License Agreement, or other applicable license
agreement, including, without limitation, that your use is for
the sole purpose of programming logic devices manufactured by
Intel and sold by Intel or its authorized distributors.  Please
refer to the applicable agreement for further details, at
https://fpgasoftware.intel.com/eula.



+----------------------------------------------------------------------------------+
; Analysis & Synthesis Summary                                                     ;
+------------------------------------+---------------------------------------------+
; Analysis & Synthesis Status        ; Successful - Tue Feb 20 16:42:38 2024       ;
; Quartus Prime Version              ; 20.1.1 Build 720 11/11/2020 SJ Lite Edition ;
; Revision Name                      ; Lab3                                        ;
; Top-level Entity Name              ; Lab3                                        ;
; Family                             ; MAX 10                                      ;
; Total logic elements               ; 115                                         ;
;     Total combinational functions  ; 98                                          ;
;     Dedicated logic registers      ; 63                                          ;
; Total registers                    ; 63                                          ;
; Total pins                         ; 37                                          ;
; Total virtual pins                 ; 0                                           ;
; Total memory bits                  ; 0                                           ;
; Embedded Multiplier 9-bit elements ; 0                                           ;
; Total PLLs                         ; 0                                           ;
; UFM blocks                         ; 0                                           ;
; ADC blocks                         ; 0                                           ;
+------------------------------------+---------------------------------------------+


+------------------------------------------------------------------------------------------------------------+
; Analysis & Synthesis Settings                                                                              ;
+------------------------------------------------------------------+--------------------+--------------------+
; Option                                                           ; Setting            ; Default Value      ;
+------------------------------------------------------------------+--------------------+--------------------+
; Device                                                           ; 10M50DAF484C7G     ;                    ;
; Top-level entity name                                            ; Lab3               ; Lab3               ;
; Family name                                                      ; MAX 10             ; Cyclone V          ;
; Use smart compilation                                            ; Off                ; Off                ;
; Enable parallel Assembler and Timing Analyzer during compilation ; On                 ; On                 ;
; Enable compact report table                                      ; Off                ; Off                ;
; Restructure Multiplexers                                         ; Auto               ; Auto               ;
; Create Debugging Nodes for IP Cores                              ; Off                ; Off                ;
; Preserve fewer node names                                        ; On                 ; On                 ;
; Intel FPGA IP Evaluation Mode                                    ; Enable             ; Enable             ;
; Verilog Version                                                  ; Verilog_2001       ; Verilog_2001       ;
; VHDL Version                                                     ; VHDL_1993          ; VHDL_1993          ;
; State Machine Processing                                         ; Auto               ; Auto               ;
; Safe State Machine                                               ; Off                ; Off                ;
; Extract Verilog State Machines                                   ; On                 ; On                 ;
; Extract VHDL State Machines                                      ; On                 ; On                 ;
; Ignore Verilog initial constructs                                ; Off                ; Off                ;
; Iteration limit for constant Verilog loops                       ; 5000               ; 5000               ;
; Iteration limit for non-constant Verilog loops                   ; 250                ; 250                ;
; Add Pass-Through Logic to Inferred RAMs                          ; On                 ; On                 ;
; Infer RAMs from Raw Logic                                        ; On                 ; On                 ;
; Parallel Synthesis                                               ; On                 ; On                 ;
; DSP Block Balancing                                              ; Auto               ; Auto               ;
; NOT Gate Push-Back                                               ; On                 ; On                 ;
; Power-Up Don't Care                                              ; On                 ; On                 ;
; Remove Redundant Logic Cells                                     ; Off                ; Off                ;
; Remove Duplicate Registers                                       ; On                 ; On                 ;
; Ignore CARRY Buffers                                             ; Off                ; Off                ;
; Ignore CASCADE Buffers                                           ; Off                ; Off                ;
; Ignore GLOBAL Buffers                                            ; Off                ; Off                ;
; Ignore ROW GLOBAL Buffers                                        ; Off                ; Off                ;
; Ignore LCELL Buffers                                             ; Off                ; Off                ;
; Ignore SOFT Buffers                                              ; On                 ; On                 ;
; Limit AHDL Integers to 32 Bits                                   ; Off                ; Off                ;
; Optimization Technique                                           ; Balanced           ; Balanced           ;
; Carry Chain Length                                               ; 70                 ; 70                 ;
; Auto Carry Chains                                                ; On                 ; On                 ;
; Auto Open-Drain Pins                                             ; On                 ; On                 ;
; Perform WYSIWYG Primitive Resynthesis                            ; Off                ; Off                ;
; Auto ROM Replacement                                             ; On                 ; On                 ;
; Auto RAM Replacement                                             ; On                 ; On                 ;
; Auto DSP Block Replacement                                       ; On                 ; On                 ;
; Auto Shift Register Replacement                                  ; Auto               ; Auto               ;
; Allow Shift Register Merging across Hierarchies                  ; Auto               ; Auto               ;
; Auto Clock Enable Replacement                                    ; On                 ; On                 ;
; Strict RAM Replacement                                           ; Off                ; Off                ;
; Allow Synchronous Control Signals                                ; On                 ; On                 ;
; Force Use of Synchronous Clear Signals                           ; Off                ; Off                ;
; Auto RAM Block Balancing                                         ; On                 ; On                 ;
; Auto RAM to Logic Cell Conversion                                ; Off                ; Off                ;
; Auto Resource Sharing                                            ; Off                ; Off                ;
; Allow Any RAM Size For Recognition                               ; Off                ; Off                ;
; Allow Any ROM Size For Recognition                               ; Off                ; Off                ;
; Allow Any Shift Register Size For Recognition                    ; Off                ; Off                ;
; Use LogicLock Constraints during Resource Balancing              ; On                 ; On                 ;
; Ignore translate_off and synthesis_off directives                ; Off                ; Off                ;
; Timing-Driven Synthesis                                          ; On                 ; On                 ;
; Report Parameter Settings                                        ; On                 ; On                 ;
; Report Source Assignments                                        ; On                 ; On                 ;
; Report Connectivity Checks                                       ; On                 ; On                 ;
; Ignore Maximum Fan-Out Assignments                               ; Off                ; Off                ;
; Synchronization Register Chain Length                            ; 2                  ; 2                  ;
; Power Optimization During Synthesis                              ; Normal compilation ; Normal compilation ;
; HDL message level                                                ; Level2             ; Level2             ;
; Suppress Register Optimization Related Messages                  ; Off                ; Off                ;
; Number of Removed Registers Reported in Synthesis Report         ; 5000               ; 5000               ;
; Number of Swept Nodes Reported in Synthesis Report               ; 5000               ; 5000               ;
; Number of Inverted Registers Reported in Synthesis Report        ; 100                ; 100                ;
; Clock MUX Protection                                             ; On                 ; On                 ;
; Auto Gated Clock Conversion                                      ; Off                ; Off                ;
; Block Design Naming                                              ; Auto               ; Auto               ;
; SDC constraint protection                                        ; Off                ; Off                ;
; Synthesis Effort                                                 ; Auto               ; Auto               ;
; Shift Register Replacement - Allow Asynchronous Clear Signal     ; On                 ; On                 ;
; Pre-Mapping Resynthesis Optimization                             ; Off                ; Off                ;
; Analysis & Synthesis Message Level                               ; Medium             ; Medium             ;
; Disable Register Merging Across Hierarchies                      ; Auto               ; Auto               ;
; Resource Aware Inference For Block RAM                           ; On                 ; On                 ;
+------------------------------------------------------------------+--------------------+--------------------+


+------------------------------------------+
; Parallel Compilation                     ;
+----------------------------+-------------+
; Processors                 ; Number      ;
+----------------------------+-------------+
; Number detected on machine ; 16          ;
; Maximum allowed            ; 16          ;
;                            ;             ;
; Average used               ; 1.00        ;
; Maximum used               ; 16          ;
;                            ;             ;
; Usage by Processor         ; % Time Used ;
;     Processor 1            ; 100.0%      ;
;     Processors 2-16        ;   0.0%      ;
+----------------------------+-------------+


+------------------------------------------------------------------------------------------------------------------------------------------------------------------------------------+
; Analysis & Synthesis Source Files Read                                                                                                                                             ;
+----------------------------------+-----------------+------------------------------+--------------------------------------------------------------------------------------+---------+
; File Name with User-Entered Path ; Used in Netlist ; File Type                    ; File Name with Absolute Path                                                         ; Library ;
+----------------------------------+-----------------+------------------------------+--------------------------------------------------------------------------------------+---------+
; Lab3.sv                          ; yes             ; User SystemVerilog HDL File  ; C:/Users/serva/OneDrive/Documents/Classes_Spring_2024/ADL/LAB3/Lab3/Lab3.sv          ;         ;
; FourBit_CLA.sv                   ; yes             ; User SystemVerilog HDL File  ; C:/Users/serva/OneDrive/Documents/Classes_Spring_2024/ADL/LAB3/Lab3/FourBit_CLA.sv   ;         ;
; GCLA_AddSub.sv                   ; yes             ; User SystemVerilog HDL File  ; C:/Users/serva/OneDrive/Documents/Classes_Spring_2024/ADL/LAB3/Lab3/GCLA_AddSub.sv   ;         ;
; NBitRegister.sv                  ; yes             ; User SystemVerilog HDL File  ; C:/Users/serva/OneDrive/Documents/Classes_Spring_2024/ADL/LAB3/Lab3/NBitRegister.sv  ;         ;
; ConditionCode.sv                 ; yes             ; User SystemVerilog HDL File  ; C:/Users/serva/OneDrive/Documents/Classes_Spring_2024/ADL/LAB3/Lab3/ConditionCode.sv ;         ;
; binary2seven.sv                  ; yes             ; User SystemVerilog HDL File  ; C:/Users/serva/OneDrive/Documents/Classes_Spring_2024/ADL/LAB3/Lab3/binary2seven.sv  ;         ;
; FSM.sv                           ; yes             ; User SystemVerilog HDL File  ; C:/Users/serva/OneDrive/Documents/Classes_Spring_2024/ADL/LAB3/Lab3/FSM.sv           ;         ;
; Controller.sv                    ; yes             ; User SystemVerilog HDL File  ; C:/Users/serva/OneDrive/Documents/Classes_Spring_2024/ADL/LAB3/Lab3/Controller.sv    ;         ;
; four2one.sv                      ; yes             ; User SystemVerilog HDL File  ; C:/Users/serva/OneDrive/Documents/Classes_Spring_2024/ADL/LAB3/Lab3/four2one.sv      ;         ;
; divideXN.sv                      ; yes             ; User SystemVerilog HDL File  ; C:/Users/serva/OneDrive/Documents/Classes_Spring_2024/ADL/LAB3/Lab3/divideXN.sv      ;         ;
+----------------------------------+-----------------+------------------------------+--------------------------------------------------------------------------------------+---------+


+-----------------------------------------------------------+
; Analysis & Synthesis Resource Usage Summary               ;
+---------------------------------------------+-------------+
; Resource                                    ; Usage       ;
+---------------------------------------------+-------------+
; Estimated Total logic elements              ; 115         ;
;                                             ;             ;
; Total combinational functions               ; 98          ;
; Logic element usage by number of LUT inputs ;             ;
;     -- 4 input functions                    ; 49          ;
;     -- 3 input functions                    ; 7           ;
;     -- <=2 input functions                  ; 42          ;
;                                             ;             ;
; Logic elements by mode                      ;             ;
;     -- normal mode                          ; 67          ;
;     -- arithmetic mode                      ; 31          ;
;                                             ;             ;
; Total registers                             ; 63          ;
;     -- Dedicated logic registers            ; 63          ;
;     -- I/O registers                        ; 0           ;
;                                             ;             ;
; I/O pins                                    ; 37          ;
;                                             ;             ;
; Embedded Multiplier 9-bit elements          ; 0           ;
;                                             ;             ;
; Maximum fan-out node                        ; CLEAR~input ;
; Maximum fan-out                             ; 63          ;
; Total fan-out                               ; 608         ;
; Average fan-out                             ; 2.59        ;
+---------------------------------------------+-------------+


+-------------------------------------------------------------------------------------------------------------------------------------------------------------------------------------------------------------------------------------------------------------------------------+
; Analysis & Synthesis Resource Utilization by Entity                                                                                                                                                                                                                           ;
+------------------------------------+---------------------+---------------------------+-------------+------------+--------------+---------+-----------+------+--------------+------------+------------------------------------------------------+---------------+--------------+
; Compilation Hierarchy Node         ; Combinational ALUTs ; Dedicated Logic Registers ; Memory Bits ; UFM Blocks ; DSP Elements ; DSP 9x9 ; DSP 18x18 ; Pins ; Virtual Pins ; ADC blocks ; Full Hierarchy Name                                  ; Entity Name   ; Library Name ;
+------------------------------------+---------------------+---------------------------+-------------+------------+--------------+---------+-----------+------+--------------+------------+------------------------------------------------------+---------------+--------------+
; |Lab3                              ; 98 (1)              ; 63 (0)                    ; 0           ; 0          ; 0            ; 0       ; 0         ; 37   ; 0            ; 0          ; |Lab3                                                ; Lab3          ; work         ;
;    |ConditionCode:CCLogic|         ; 5 (5)               ; 0 (0)                     ; 0           ; 0          ; 0            ; 0       ; 0         ; 0    ; 0            ; 0          ; |Lab3|ConditionCode:CCLogic                          ; ConditionCode ; work         ;
;    |Controller:Mux|                ; 14 (0)              ; 2 (0)                     ; 0           ; 0          ; 0            ; 0       ; 0         ; 0    ; 0            ; 0          ; |Lab3|Controller:Mux                                 ; Controller    ; work         ;
;       |FSM:digit|                  ; 3 (3)               ; 2 (2)                     ; 0           ; 0          ; 0            ; 0       ; 0         ; 0    ; 0            ; 0          ; |Lab3|Controller:Mux|FSM:digit                       ; FSM           ; work         ;
;       |binary2seven:Hex|           ; 7 (7)               ; 0 (0)                     ; 0           ; 0          ; 0            ; 0       ; 0         ; 0    ; 0            ; 0          ; |Lab3|Controller:Mux|binary2seven:Hex                ; binary2seven  ; work         ;
;       |four2one:decoder|           ; 4 (4)               ; 0 (0)                     ; 0           ; 0          ; 0            ; 0       ; 0         ; 0    ; 0            ; 0          ; |Lab3|Controller:Mux|four2one:decoder                ; four2one      ; work         ;
;    |GCLA_AddSub:attempt|           ; 35 (17)             ; 0 (0)                     ; 0           ; 0          ; 0            ; 0       ; 0         ; 0    ; 0            ; 0          ; |Lab3|GCLA_AddSub:attempt                            ; GCLA_AddSub   ; work         ;
;       |FourBit_CLA:GCLA4_1stStage| ; 10 (10)             ; 0 (0)                     ; 0           ; 0          ; 0            ; 0       ; 0         ; 0    ; 0            ; 0          ; |Lab3|GCLA_AddSub:attempt|FourBit_CLA:GCLA4_1stStage ; FourBit_CLA   ; work         ;
;       |FourBit_CLA:GCLA4_2ndStage| ; 8 (8)               ; 0 (0)                     ; 0           ; 0          ; 0            ; 0       ; 0         ; 0    ; 0            ; 0          ; |Lab3|GCLA_AddSub:attempt|FourBit_CLA:GCLA4_2ndStage ; FourBit_CLA   ; work         ;
;    |NBitRegister:regA|             ; 0 (0)               ; 8 (8)                     ; 0           ; 0          ; 0            ; 0       ; 0         ; 0    ; 0            ; 0          ; |Lab3|NBitRegister:regA                              ; NBitRegister  ; work         ;
;    |NBitRegister:regB|             ; 0 (0)               ; 8 (8)                     ; 0           ; 0          ; 0            ; 0       ; 0         ; 0    ; 0            ; 0          ; |Lab3|NBitRegister:regB                              ; NBitRegister  ; work         ;
;    |NBitRegister:regCC|            ; 0 (0)               ; 4 (4)                     ; 0           ; 0          ; 0            ; 0       ; 0         ; 0    ; 0            ; 0          ; |Lab3|NBitRegister:regCC                             ; NBitRegister  ; work         ;
;    |NBitRegister:regR|             ; 0 (0)               ; 8 (8)                     ; 0           ; 0          ; 0            ; 0       ; 0         ; 0    ; 0            ; 0          ; |Lab3|NBitRegister:regR                              ; NBitRegister  ; work         ;
;    |divideXN:CLK190|               ; 43 (43)             ; 33 (33)                   ; 0           ; 0          ; 0            ; 0       ; 0         ; 0    ; 0            ; 0          ; |Lab3|divideXN:CLK190                                ; divideXN      ; work         ;
+------------------------------------+---------------------+---------------------------+-------------+------------+--------------+---------+-----------+------+--------------+------------+------------------------------------------------------+---------------+--------------+
Note: For table entries with two numbers listed, the numbers in parentheses indicate the number of resources of the given type used by the specific entity alone. The numbers listed outside of parentheses indicate the total resources of the given type used by the specific entity and all of its sub-entities in the hierarchy.


+------------------------------------------------------+
; General Register Statistics                          ;
+----------------------------------------------+-------+
; Statistic                                    ; Value ;
+----------------------------------------------+-------+
; Total registers                              ; 63    ;
; Number of registers using Synchronous Clear  ; 0     ;
; Number of registers using Synchronous Load   ; 32    ;
; Number of registers using Asynchronous Clear ; 62    ;
; Number of registers using Asynchronous Load  ; 0     ;
; Number of registers using Clock Enable       ; 1     ;
; Number of registers using Preset             ; 0     ;
+----------------------------------------------+-------+


+-----------------------------------------------------------------------------------------------------------------------------------------------+
; Multiplexer Restructuring Statistics (Restructuring Performed)                                                                                ;
+--------------------+-----------+---------------+----------------------+------------------------+------------+---------------------------------+
; Multiplexer Inputs ; Bus Width ; Baseline Area ; Area if Restructured ; Saving if Restructured ; Registered ; Example Multiplexer Output      ;
+--------------------+-----------+---------------+----------------------+------------------------+------------+---------------------------------+
; 3:1                ; 32 bits   ; 64 LEs        ; 64 LEs               ; 0 LEs                  ; Yes        ; |Lab3|divideXN:CLK190|COUNT[31] ;
+--------------------+-----------+---------------+----------------------+------------------------+------------+---------------------------------+


+----------------------------------------------------------------+
; Parameter Settings for User Entity Instance: NBitRegister:regA ;
+----------------+-------+---------------------------------------+
; Parameter Name ; Value ; Type                                  ;
+----------------+-------+---------------------------------------+
; N              ; 8     ; Signed Integer                        ;
+----------------+-------+---------------------------------------+
Note: In order to hide this table in the UI and the text report file, please set the "Show Parameter Settings in Synthesis Report" option in "Analysis and Synthesis Settings -> More Settings" to "Off".


+----------------------------------------------------------------+
; Parameter Settings for User Entity Instance: NBitRegister:regB ;
+----------------+-------+---------------------------------------+
; Parameter Name ; Value ; Type                                  ;
+----------------+-------+---------------------------------------+
; N              ; 8     ; Signed Integer                        ;
+----------------+-------+---------------------------------------+
Note: In order to hide this table in the UI and the text report file, please set the "Show Parameter Settings in Synthesis Report" option in "Analysis and Synthesis Settings -> More Settings" to "Off".


+----------------------------------------------------------------+
; Parameter Settings for User Entity Instance: NBitRegister:regR ;
+----------------+-------+---------------------------------------+
; Parameter Name ; Value ; Type                                  ;
+----------------+-------+---------------------------------------+
; N              ; 8     ; Signed Integer                        ;
+----------------+-------+---------------------------------------+
Note: In order to hide this table in the UI and the text report file, please set the "Show Parameter Settings in Synthesis Report" option in "Analysis and Synthesis Settings -> More Settings" to "Off".


+--------------------------------------------------------------+
; Parameter Settings for User Entity Instance: divideXN:CLK190 ;
+----------------+--------+------------------------------------+
; Parameter Name ; Value  ; Type                               ;
+----------------+--------+------------------------------------+
; N              ; 263158 ; Signed Integer                     ;
; M              ; 32     ; Signed Integer                     ;
+----------------+--------+------------------------------------+
Note: In order to hide this table in the UI and the text report file, please set the "Show Parameter Settings in Synthesis Report" option in "Analysis and Synthesis Settings -> More Settings" to "Off".


+-----------------------------------------------------------------+
; Parameter Settings for User Entity Instance: NBitRegister:regCC ;
+----------------+-------+----------------------------------------+
; Parameter Name ; Value ; Type                                   ;
+----------------+-------+----------------------------------------+
; N              ; 100   ; Unsigned Binary                        ;
+----------------+-------+----------------------------------------+
Note: In order to hide this table in the UI and the text report file, please set the "Show Parameter Settings in Synthesis Report" option in "Analysis and Synthesis Settings -> More Settings" to "Off".


+------------------------------------------------------------------------------------------------------------------------------------------------------------------------+
; Port Connectivity Checks: "Controller:Mux|binary2seven:Hex"                                                                                                            ;
+------+-------+----------+----------------------------------------------------------------------------------------------------------------------------------------------+
; Port ; Type  ; Severity ; Details                                                                                                                                      ;
+------+-------+----------+----------------------------------------------------------------------------------------------------------------------------------------------+
; MODE ; Input ; Warning  ; Input port expression (1 bits) is smaller than the input port (4 bits) it drives.  Extra input bit(s) "MODE[3..1]" will be connected to GND. ;
+------+-------+----------+----------------------------------------------------------------------------------------------------------------------------------------------+


+------------------------------------------------------------------------------------------------------------------------------------------------------------------------+
; Port Connectivity Checks: "Controller:Mux"                                                                                                                             ;
+------+-------+----------+----------------------------------------------------------------------------------------------------------------------------------------------+
; Port ; Type  ; Severity ; Details                                                                                                                                      ;
+------+-------+----------+----------------------------------------------------------------------------------------------------------------------------------------------+
; MODE ; Input ; Info     ; Stuck at VCC                                                                                                                                 ;
; D2   ; Input ; Warning  ; Declared by entity but not connected by instance. If a default value exists, it will be used.  Otherwise, the port will be connected to GND. ;
; D3   ; Input ; Warning  ; Declared by entity but not connected by instance. If a default value exists, it will be used.  Otherwise, the port will be connected to GND. ;
+------+-------+----------+----------------------------------------------------------------------------------------------------------------------------------------------+


+--------------------------------------------------------------------------------------------------------------------------------------+
; Port Connectivity Checks: "divideXN:CLK190"                                                                                          ;
+-------+--------+----------+----------------------------------------------------------------------------------------------------------+
; Port  ; Type   ; Severity ; Details                                                                                                  ;
+-------+--------+----------+----------------------------------------------------------------------------------------------------------+
; COUNT ; Output ; Warning  ; Declared by entity but not connected by instance. Logic that only feeds a dangling port will be removed. ;
+-------+--------+----------+----------------------------------------------------------------------------------------------------------+


+-------------------------------------------------------------------------------------------------------------------------------------+
; Port Connectivity Checks: "GCLA_AddSub:attempt|FourBit_CLA:GCLA4_1stStage"                                                          ;
+------+--------+----------+----------------------------------------------------------------------------------------------------------+
; Port ; Type   ; Severity ; Details                                                                                                  ;
+------+--------+----------+----------------------------------------------------------------------------------------------------------+
; C7   ; Output ; Warning  ; Declared by entity but not connected by instance. Logic that only feeds a dangling port will be removed. ;
+------+--------+----------+----------------------------------------------------------------------------------------------------------+


+-----------------------------------------------------+
; Post-Synthesis Netlist Statistics for Top Partition ;
+-----------------------+-----------------------------+
; Type                  ; Count                       ;
+-----------------------+-----------------------------+
; boundary_port         ; 37                          ;
; cycloneiii_ff         ; 63                          ;
;     CLR               ; 30                          ;
;     CLR SLD           ; 32                          ;
;     ENA               ; 1                           ;
; cycloneiii_lcell_comb ; 105                         ;
;     arith             ; 31                          ;
;         2 data inputs ; 31                          ;
;     normal            ; 74                          ;
;         0 data inputs ; 1                           ;
;         1 data inputs ; 9                           ;
;         2 data inputs ; 8                           ;
;         3 data inputs ; 7                           ;
;         4 data inputs ; 49                          ;
;                       ;                             ;
; Max LUT depth         ; 8.00                        ;
; Average LUT depth     ; 3.84                        ;
+-----------------------+-----------------------------+


+-------------------------------+
; Elapsed Time Per Partition    ;
+----------------+--------------+
; Partition Name ; Elapsed Time ;
+----------------+--------------+
; Top            ; 00:00:00     ;
+----------------+--------------+


+-------------------------------+
; Analysis & Synthesis Messages ;
+-------------------------------+
Info: *******************************************************************
Info: Running Quartus Prime Analysis & Synthesis
    Info: Version 20.1.1 Build 720 11/11/2020 SJ Lite Edition
    Info: Processing started: Tue Feb 20 16:42:27 2024
Info: Command: quartus_map --read_settings_files=on --write_settings_files=off Lab3 -c Lab3
Warning (18236): Number of processors has not been specified which may cause overloading on shared machines.  Set the global assignment NUM_PARALLEL_PROCESSORS in your QSF to an appropriate value for best performance.
Info (20030): Parallel compilation is enabled and will use 16 of the 16 processors detected
Info (12021): Found 1 design units, including 1 entities, in source file lab3.sv
    Info (12023): Found entity 1: Lab3 File: C:/Users/serva/OneDrive/Documents/Classes_Spring_2024/ADL/LAB3/Lab3/Lab3.sv Line: 1
Info (12021): Found 1 design units, including 1 entities, in source file fourbit_cla.sv
    Info (12023): Found entity 1: FourBit_CLA File: C:/Users/serva/OneDrive/Documents/Classes_Spring_2024/ADL/LAB3/Lab3/FourBit_CLA.sv Line: 1
Warning (10275): Verilog HDL Module Instantiation warning at GCLA_AddSub.sv(23): ignored dangling comma in List of Port Connections File: C:/Users/serva/OneDrive/Documents/Classes_Spring_2024/ADL/LAB3/Lab3/GCLA_AddSub.sv Line: 23
Info (12021): Found 1 design units, including 1 entities, in source file gcla_addsub.sv
    Info (12023): Found entity 1: GCLA_AddSub File: C:/Users/serva/OneDrive/Documents/Classes_Spring_2024/ADL/LAB3/Lab3/GCLA_AddSub.sv Line: 1
Info (12021): Found 1 design units, including 1 entities, in source file nbitregister.sv
    Info (12023): Found entity 1: NBitRegister File: C:/Users/serva/OneDrive/Documents/Classes_Spring_2024/ADL/LAB3/Lab3/NBitRegister.sv Line: 1
Info (12021): Found 1 design units, including 1 entities, in source file conditioncode.sv
    Info (12023): Found entity 1: ConditionCode File: C:/Users/serva/OneDrive/Documents/Classes_Spring_2024/ADL/LAB3/Lab3/ConditionCode.sv Line: 3
Info (12021): Found 1 design units, including 1 entities, in source file binary2seven.sv
    Info (12023): Found entity 1: binary2seven File: C:/Users/serva/OneDrive/Documents/Classes_Spring_2024/ADL/LAB3/Lab3/binary2seven.sv Line: 1
Info (12021): Found 1 design units, including 1 entities, in source file fsm.sv
    Info (12023): Found entity 1: FSM File: C:/Users/serva/OneDrive/Documents/Classes_Spring_2024/ADL/LAB3/Lab3/FSM.sv Line: 1
Info (12021): Found 1 design units, including 1 entities, in source file controller.sv
    Info (12023): Found entity 1: Controller File: C:/Users/serva/OneDrive/Documents/Classes_Spring_2024/ADL/LAB3/Lab3/Controller.sv Line: 1
Info (12021): Found 1 design units, including 1 entities, in source file four2one.sv
    Info (12023): Found entity 1: four2one File: C:/Users/serva/OneDrive/Documents/Classes_Spring_2024/ADL/LAB3/Lab3/four2one.sv Line: 1
Info (12021): Found 1 design units, including 1 entities, in source file dividexn.sv
    Info (12023): Found entity 1: divideXN File: C:/Users/serva/OneDrive/Documents/Classes_Spring_2024/ADL/LAB3/Lab3/divideXN.sv Line: 1
Warning (10236): Verilog HDL Implicit Net warning at FourBit_CLA.sv(24): created implicit net for "Cout" File: C:/Users/serva/OneDrive/Documents/Classes_Spring_2024/ADL/LAB3/Lab3/FourBit_CLA.sv Line: 24
Info (12127): Elaborating entity "Lab3" for the top level hierarchy
Info (12128): Elaborating entity "NBitRegister" for hierarchy "NBitRegister:regA" File: C:/Users/serva/OneDrive/Documents/Classes_Spring_2024/ADL/LAB3/Lab3/Lab3.sv Line: 23
Info (12128): Elaborating entity "GCLA_AddSub" for hierarchy "GCLA_AddSub:attempt" File: C:/Users/serva/OneDrive/Documents/Classes_Spring_2024/ADL/LAB3/Lab3/Lab3.sv Line: 42
Info (12128): Elaborating entity "FourBit_CLA" for hierarchy "GCLA_AddSub:attempt|FourBit_CLA:GCLA4_1stStage" File: C:/Users/serva/OneDrive/Documents/Classes_Spring_2024/ADL/LAB3/Lab3/GCLA_AddSub.sv Line: 23
Warning (10036): Verilog HDL or VHDL warning at FourBit_CLA.sv(24): object "Cout" assigned a value but never read File: C:/Users/serva/OneDrive/Documents/Classes_Spring_2024/ADL/LAB3/Lab3/FourBit_CLA.sv Line: 24
Warning (10230): Verilog HDL assignment warning at FourBit_CLA.sv(27): truncated value with size 5 to match size of target (4) File: C:/Users/serva/OneDrive/Documents/Classes_Spring_2024/ADL/LAB3/Lab3/FourBit_CLA.sv Line: 27
Info (12128): Elaborating entity "divideXN" for hierarchy "divideXN:CLK190" File: C:/Users/serva/OneDrive/Documents/Classes_Spring_2024/ADL/LAB3/Lab3/Lab3.sv Line: 59
Info (12128): Elaborating entity "Controller" for hierarchy "Controller:Mux" File: C:/Users/serva/OneDrive/Documents/Classes_Spring_2024/ADL/LAB3/Lab3/Lab3.sv Line: 70
Info (12128): Elaborating entity "four2one" for hierarchy "Controller:Mux|four2one:decoder" File: C:/Users/serva/OneDrive/Documents/Classes_Spring_2024/ADL/LAB3/Lab3/Controller.sv Line: 21
Info (12128): Elaborating entity "FSM" for hierarchy "Controller:Mux|FSM:digit" File: C:/Users/serva/OneDrive/Documents/Classes_Spring_2024/ADL/LAB3/Lab3/Controller.sv Line: 29
Info (12128): Elaborating entity "binary2seven" for hierarchy "Controller:Mux|binary2seven:Hex" File: C:/Users/serva/OneDrive/Documents/Classes_Spring_2024/ADL/LAB3/Lab3/Controller.sv Line: 37
Info (12128): Elaborating entity "ConditionCode" for hierarchy "ConditionCode:CCLogic" File: C:/Users/serva/OneDrive/Documents/Classes_Spring_2024/ADL/LAB3/Lab3/Lab3.sv Line: 80
Info (12128): Elaborating entity "NBitRegister" for hierarchy "NBitRegister:regCC" File: C:/Users/serva/OneDrive/Documents/Classes_Spring_2024/ADL/LAB3/Lab3/Lab3.sv Line: 90
Warning (12241): 4 hierarchies have connectivity warnings - see the Connectivity Checks report folder
Warning (13024): Output pins are stuck at VCC or GND
    Warning (13410): Pin "CAT[0]" is stuck at GND File: C:/Users/serva/OneDrive/Documents/Classes_Spring_2024/ADL/LAB3/Lab3/Lab3.sv Line: 12
    Warning (13410): Pin "CAT[1]" is stuck at GND File: C:/Users/serva/OneDrive/Documents/Classes_Spring_2024/ADL/LAB3/Lab3/Lab3.sv Line: 12
Info (286030): Timing-Driven Synthesis is running
Info (144001): Generated suppressed messages file C:/Users/serva/OneDrive/Documents/Classes_Spring_2024/ADL/LAB3/Lab3/output_files/Lab3.map.smsg
Info (16010): Generating hard_block partition "hard_block:auto_generated_inst"
    Info (16011): Adding 0 node(s), including 0 DDIO, 0 PLL, 0 transceiver and 0 LCELL
Info (21057): Implemented 160 device resources after synthesis - the final resource count might be different
    Info (21058): Implemented 14 input pins
    Info (21059): Implemented 23 output pins
    Info (21061): Implemented 123 logic cells
Info: Quartus Prime Analysis & Synthesis was successful. 0 errors, 9 warnings
    Info: Peak virtual memory: 4836 megabytes
    Info: Processing ended: Tue Feb 20 16:42:38 2024
    Info: Elapsed time: 00:00:11
    Info: Total CPU time (on all processors): 00:00:15


+------------------------------------------+
; Analysis & Synthesis Suppressed Messages ;
+------------------------------------------+
The suppressed messages can be found in C:/Users/serva/OneDrive/Documents/Classes_Spring_2024/ADL/LAB3/Lab3/output_files/Lab3.map.smsg.


